<?xml version="1.0" encoding="UTF-8"?>
<coverage generated="1790183559754" clover="3.2.0">
  <project timestamp="1790183559754" name="All files">
    <metrics statements="497" coveredstatements="472" conditionals="338" coveredconditionals="244" methods="98" coveredmethods="94" elements="933" coveredelements="810" complexity="0" loc="497" ncloc="497" packages="1" files="5" classes="5"/>
    <file name="charging.ts" path="/sessions/rcw-01rethk5rniqrzyjjggtovhk/mnt/voltia-local/src/domain/charging.ts">
      <metrics statements="36" coveredstatements="35" conditionals="17" coveredconditionals="15" methods="11" coveredmethods="11"/>
      <line num="3" count="6" type="stmt"/>
      <line num="16" count="874" type="cond" truecount="2" falsecount="0"/>
      <line num="17" count="874" type="stmt"/>
      <line num="18" count="874" type="cond" truecount="2" falsecount="0"/>
      <line num="19" count="872" type="stmt"/>
      <line num="20" count="3443" type="stmt"/>
      <line num="21" count="3443" type="stmt"/>
      <line num="22" count="3443" type="cond" truecount="2" falsecount="0"/>
      <line num="23" count="872" type="stmt"/>
      <line num="24" count="872" type="stmt"/>
      <line num="27" count="0" type="stmt"/>
      <line num="38" count="37" type="cond" truecount="2" falsecount="0"/>
      <line num="39" count="36" type="stmt"/>
      <line num="40" count="36" type="stmt"/>
      <line num="41" count="36" type="stmt"/>
      <line num="42" count="36" type="stmt"/>
      <line num="43" count="864" type="stmt"/>
      <line num="44" count="864" type="stmt"/>
      <line num="45" count="864" type="stmt"/>
      <line num="46" count="864" type="stmt"/>
      <line num="48" count="36" type="stmt"/>
      <line num="51" count="6" type="stmt"/>
      <line num="54" count="393" type="stmt"/>
      <line num="58" count="246" type="stmt"/>
      <line num="62" count="244" type="stmt"/>
      <line num="63" count="244" type="cond" truecount="2" falsecount="0"/>
      <line num="64" count="244" type="stmt"/>
      <line num="65" count="243" type="cond" truecount="1" falsecount="1"/>
      <line num="66" count="244" type="cond" truecount="1" falsecount="1"/>
      <line num="70" count="112" type="cond" truecount="2" falsecount="0"/>
      <line num="71" count="112" type="stmt"/>
      <line num="75" count="6" type="stmt"/>
      <line num="79" count="1" type="stmt"/>
      <line num="80" count="1" type="stmt"/>
      <line num="81" count="5" type="stmt"/>
      <line num="83" count="1" type="stmt"/>
    </file>
    <file name="energy.ts" path="/sessions/rcw-01rethk5rniqrzyjjggtovhk/mnt/voltia-local/src/domain/energy.ts">
      <metrics statements="132" coveredstatements="131" conditionals="66" coveredconditionals="53" methods="23" coveredmethods="22"/>
      <line num="4" count="2" type="stmt"/>
      <line num="5" count="2" type="stmt"/>
      <line num="6" count="2" type="stmt"/>
      <line num="7" count="2" type="stmt"/>
      <line num="8" count="2" type="stmt"/>
      <line num="9" count="2" type="stmt"/>
      <line num="11" count="2" type="stmt"/>
      <line num="17" count="2" type="stmt"/>
      <line num="39" count="953" type="cond" truecount="3" falsecount="0"/>
      <line num="43" count="18" type="cond" truecount="2" falsecount="0"/>
      <line num="48" count="4" type="cond" truecount="4" falsecount="0"/>
      <line num="49" count="3" type="stmt"/>
      <line num="53" count="933" type="stmt"/>
      <line num="54" count="933" type="stmt"/>
      <line num="55" count="933" type="stmt"/>
      <line num="56" count="933" type="stmt"/>
      <line num="57" count="933" type="stmt"/>
      <line num="61" count="933" type="stmt"/>
      <line num="65" count="933" type="stmt"/>
      <line num="69" count="0" type="stmt"/>
      <line num="74" count="935" type="cond" truecount="1" falsecount="1"/>
      <line num="75" count="935" type="stmt"/>
      <line num="79" count="935" type="stmt"/>
      <line num="80" count="935" type="cond" truecount="2" falsecount="0"/>
      <line num="81" count="934" type="cond" truecount="2" falsecount="0"/>
      <line num="82" count="934" type="stmt"/>
      <line num="86" count="938" type="cond" truecount="2" falsecount="0"/>
      <line num="87" count="936" type="cond" truecount="1" falsecount="1"/>
      <line num="88" count="936" type="cond" truecount="1" falsecount="1"/>
      <line num="89" count="936" type="cond" truecount="2" falsecount="0"/>
      <line num="90" count="2" type="cond" truecount="1" falsecount="1"/>
      <line num="91" count="2" type="stmt"/>
      <line num="95" count="939" type="stmt"/>
      <line num="96" count="939" type="cond" truecount="2" falsecount="0"/>
      <line num="97" count="937" type="cond" truecount="2" falsecount="0"/>
      <line num="98" count="939" type="cond" truecount="2" falsecount="0"/>
      <line num="99" count="939" type="stmt"/>
      <line num="103" count="4668" type="stmt"/>
      <line num="107" count="933" type="stmt"/>
      <line num="111" count="1" type="stmt"/>
      <line num="112" count="1" type="stmt"/>
      <line num="124" count="933" type="stmt"/>
      <line num="125" count="933" type="cond" truecount="1" falsecount="1"/>
      <line num="126" count="933" type="stmt"/>
      <line num="127" count="933" type="stmt"/>
      <line num="128" count="933" type="stmt"/>
      <line num="129" count="933" type="stmt"/>
      <line num="130" count="933" type="stmt"/>
      <line num="131" count="933" type="stmt"/>
      <line num="145" count="933" type="stmt"/>
      <line num="146" count="933" type="stmt"/>
      <line num="147" count="933" type="cond" truecount="1" falsecount="1"/>
      <line num="148" count="933" type="cond" truecount="1" falsecount="2"/>
      <line num="149" count="933" type="cond" truecount="2" falsecount="0"/>
      <line num="150" count="933" type="stmt"/>
      <line num="151" count="933" type="stmt"/>
      <line num="152" count="933" type="stmt"/>
      <line num="153" count="933" type="stmt"/>
      <line num="154" count="933" type="stmt"/>
      <line num="155" count="933" type="stmt"/>
      <line num="156" count="933" type="stmt"/>
      <line num="157" count="933" type="cond" truecount="2" falsecount="0"/>
      <line num="159" count="933" type="stmt"/>
      <line num="169" count="933" type="stmt"/>
      <line num="170" count="933" type="stmt"/>
      <line num="171" count="933" type="stmt"/>
      <line num="172" count="933" type="stmt"/>
      <line num="173" count="933" type="stmt"/>
      <line num="175" count="933" type="stmt"/>
      <line num="176" count="933" type="cond" truecount="1" falsecount="1"/>
      <line num="177" count="933" type="stmt"/>
      <line num="180" count="933" type="stmt"/>
      <line num="181" count="933" type="stmt"/>
      <line num="182" count="933" type="stmt"/>
      <line num="183" count="933" type="stmt"/>
      <line num="193" count="1" type="stmt"/>
      <line num="194" count="1" type="stmt"/>
      <line num="195" count="1" type="stmt"/>
      <line num="196" count="1" type="stmt"/>
      <line num="197" count="1" type="cond" truecount="1" falsecount="1"/>
      <line num="198" count="1" type="cond" truecount="1" falsecount="2"/>
      <line num="199" count="1" type="cond" truecount="2" falsecount="0"/>
      <line num="200" count="1" type="stmt"/>
      <line num="201" count="1" type="stmt"/>
      <line num="202" count="1" type="stmt"/>
      <line num="204" count="1" type="stmt"/>
      <line num="212" count="1" type="stmt"/>
      <line num="213" count="1" type="stmt"/>
      <line num="214" count="1" type="stmt"/>
      <line num="215" count="1" type="stmt"/>
      <line num="216" count="1" type="stmt"/>
      <line num="217" count="1" type="stmt"/>
      <line num="227" count="1194" type="cond" truecount="2" falsecount="0"/>
      <line num="228" count="929" type="cond" truecount="2" falsecount="0"/>
      <line num="229" count="928" type="stmt"/>
      <line num="238" count="4" type="cond" truecount="2" falsecount="0"/>
      <line num="239" count="3" type="stmt"/>
      <line num="240" count="3" type="stmt"/>
      <line num="253" count="264" type="stmt"/>
      <line num="261" count="14" type="stmt"/>
      <line num="262" count="14" type="stmt"/>
      <line num="263" count="14" type="stmt"/>
      <line num="264" count="14" type="stmt"/>
      <line num="265" count="14" type="stmt"/>
      <line num="266" count="934" type="stmt"/>
      <line num="267" count="934" type="stmt"/>
      <line num="268" count="934" type="stmt"/>
      <line num="269" count="934" type="stmt"/>
      <line num="270" count="934" type="cond" truecount="2" falsecount="0"/>
      <line num="271" count="920" type="stmt"/>
      <line num="272" count="920" type="stmt"/>
      <line num="273" count="920" type="stmt"/>
      <line num="274" count="920" type="stmt"/>
      <line num="275" count="920" type="stmt"/>
      <line num="276" count="920" type="stmt"/>
      <line num="277" count="920" type="stmt"/>
      <line num="279" count="934" type="stmt"/>
      <line num="280" count="934" type="stmt"/>
      <line num="281" count="934" type="cond" truecount="2" falsecount="0"/>
      <line num="282" count="934" type="stmt"/>
      <line num="292" count="14" type="stmt"/>
      <line num="296" count="487" type="stmt"/>
      <line num="297" count="487" type="stmt"/>
      <line num="298" count="487" type="stmt"/>
      <line num="317" count="2" type="stmt"/>
      <line num="318" count="2" type="stmt"/>
      <line num="319" count="2" type="stmt"/>
      <line num="320" count="2" type="stmt"/>
      <line num="321" count="2" type="stmt"/>
      <line num="322" count="2" type="stmt"/>
      <line num="323" count="2" type="cond" truecount="1" falsecount="1"/>
      <line num="324" count="2" type="stmt"/>
    </file>
    <file name="geo.ts" path="/sessions/rcw-01rethk5rniqrzyjjggtovhk/mnt/voltia-local/src/domain/geo.ts">
      <metrics statements="71" coveredstatements="70" conditionals="23" coveredconditionals="19" methods="13" coveredmethods="13"/>
      <line num="3" count="2" type="stmt"/>
      <line num="6" count="18852" type="stmt"/>
      <line num="10" count="4713" type="stmt"/>
      <line num="11" count="4713" type="stmt"/>
      <line num="12" count="4713" type="stmt"/>
      <line num="13" count="4713" type="stmt"/>
      <line num="15" count="4713" type="stmt"/>
      <line num="17" count="4713" type="stmt"/>
      <line num="21" count="2" type="stmt"/>
      <line num="22" count="2" type="stmt"/>
      <line num="23" count="2" type="stmt"/>
      <line num="25" count="2" type="stmt"/>
      <line num="29" count="24" type="stmt"/>
      <line num="33" count="12" type="stmt"/>
      <line num="38" count="3" type="cond" truecount="2" falsecount="0"/>
      <line num="39" count="2" type="stmt"/>
      <line num="40" count="2" type="stmt"/>
      <line num="41" count="2" type="stmt"/>
      <line num="42" count="2" type="stmt"/>
      <line num="43" count="2" type="stmt"/>
      <line num="44" count="2" type="stmt"/>
      <line num="45" count="2" type="stmt"/>
      <line num="46" count="2" type="cond" truecount="1" falsecount="1"/>
      <line num="47" count="2" type="stmt"/>
      <line num="48" count="10" type="stmt"/>
      <line num="49" count="10" type="stmt"/>
      <line num="50" count="10" type="stmt"/>
      <line num="52" count="2" type="stmt"/>
      <line num="54" count="2" type="stmt"/>
      <line num="55" count="2" type="stmt"/>
      <line num="56" count="2" type="cond" truecount="1" falsecount="1"/>
      <line num="57" count="0" type="stmt"/>
      <line num="58" count="2" type="stmt"/>
      <line num="62" count="1" type="stmt"/>
      <line num="63" count="1" type="stmt"/>
      <line num="64" count="1" type="stmt"/>
      <line num="66" count="1" type="stmt"/>
      <line num="71" count="1" type="stmt"/>
      <line num="72" count="1" type="stmt"/>
      <line num="73" count="3" type="stmt"/>
      <line num="74" count="3" type="cond" truecount="2" falsecount="0"/>
      <line num="76" count="1" type="stmt"/>
      <line num="80" count="2" type="stmt"/>
      <line num="81" count="2" type="stmt"/>
      <line num="82" count="2" type="stmt"/>
      <line num="83" count="6" type="stmt"/>
      <line num="84" count="6" type="cond" truecount="2" falsecount="0"/>
      <line num="85" count="4" type="stmt"/>
      <line num="86" count="4" type="stmt"/>
      <line num="89" count="2" type="stmt"/>
      <line num="98" count="1" type="stmt"/>
      <line num="99" count="1" type="stmt"/>
      <line num="100" count="1" type="stmt"/>
      <line num="101" count="1" type="stmt"/>
      <line num="102" count="1" type="stmt"/>
      <line num="103" count="2" type="cond" truecount="1" falsecount="1"/>
      <line num="104" count="2" type="cond" truecount="2" falsecount="0"/>
      <line num="105" count="2" type="cond" truecount="1" falsecount="1"/>
      <line num="106" count="2" type="cond" truecount="2" falsecount="0"/>
      <line num="108" count="1" type="stmt"/>
      <line num="117" count="2" type="cond" truecount="2" falsecount="0"/>
      <line num="118" count="1" type="stmt"/>
      <line num="119" count="1" type="stmt"/>
      <line num="120" count="1" type="stmt"/>
      <line num="121" count="10" type="stmt"/>
      <line num="123" count="1" type="stmt"/>
      <line num="127" count="1" type="stmt"/>
      <line num="128" count="1" type="stmt"/>
      <line num="129" count="3" type="cond" truecount="2" falsecount="0"/>
      <line num="130" count="2" type="stmt"/>
      <line num="132" count="1" type="stmt"/>
    </file>
    <file name="planner.ts" path="/sessions/rcw-01rethk5rniqrzyjjggtovhk/mnt/voltia-local/src/domain/planner.ts">
      <metrics statements="235" coveredstatements="214" conditionals="201" coveredconditionals="127" methods="46" coveredmethods="43"/>
      <line num="18" count="1" type="stmt"/>
      <line num="19" count="1" type="stmt"/>
      <line num="20" count="1" type="stmt"/>
      <line num="21" count="1" type="stmt"/>
      <line num="22" count="1" type="stmt"/>
      <line num="27" count="14" type="stmt"/>
      <line num="28" count="72" type="stmt"/>
      <line num="30" count="66" type="stmt"/>
      <line num="31" count="66" type="stmt"/>
      <line num="32" count="66" type="stmt"/>
      <line num="33" count="66" type="stmt"/>
      <line num="34" count="4686" type="stmt"/>
      <line num="35" count="4686" type="stmt"/>
      <line num="36" count="4686" type="cond" truecount="2" falsecount="0"/>
      <line num="37" count="2376" type="stmt"/>
      <line num="38" count="2376" type="stmt"/>
      <line num="39" count="2376" type="stmt"/>
      <line num="42" count="66" type="stmt"/>
      <line num="44" count="66" type="cond" truecount="1" falsecount="1"/>
      <line num="45" count="55" type="cond" truecount="2" falsecount="2"/>
      <line num="49" count="432" type="stmt"/>
      <line num="53" count="110" type="cond" truecount="1" falsecount="1"/>
      <line num="54" count="0" type="cond" truecount="0" falsecount="2"/>
      <line num="55" count="0" type="stmt"/>
      <line num="59" count="110" type="cond" truecount="2" falsecount="0"/>
      <line num="63" count="33" type="cond" truecount="1" falsecount="1"/>
      <line num="64" count="0" type="stmt"/>
      <line num="75" count="55" type="stmt"/>
      <line num="76" count="55" type="stmt"/>
      <line num="97" count="374" type="cond" truecount="1" falsecount="1"/>
      <line num="98" count="374" type="cond" truecount="2" falsecount="0"/>
      <line num="99" count="264" type="cond" truecount="1" falsecount="1"/>
      <line num="100" count="374" type="stmt"/>
      <line num="101" count="374" type="stmt"/>
      <line num="105" count="44" type="stmt"/>
      <line num="106" count="44" type="stmt"/>
      <line num="107" count="44" type="stmt"/>
      <line num="108" count="44" type="cond" truecount="2" falsecount="2"/>
      <line num="109" count="44" type="stmt"/>
      <line num="110" count="44" type="stmt"/>
      <line num="111" count="44" type="stmt"/>
      <line num="112" count="44" type="stmt"/>
      <line num="113" count="44" type="cond" truecount="1" falsecount="1"/>
      <line num="114" count="44" type="cond" truecount="1" falsecount="1"/>
      <line num="115" count="44" type="cond" truecount="1" falsecount="1"/>
      <line num="116" count="44" type="cond" truecount="1" falsecount="1"/>
      <line num="117" count="44" type="cond" truecount="1" falsecount="1"/>
      <line num="118" count="44" type="cond" truecount="1" falsecount="1"/>
      <line num="119" count="44" type="stmt"/>
      <line num="120" count="44" type="cond" truecount="2" falsecount="2"/>
      <line num="121" count="44" type="cond" truecount="1" falsecount="1"/>
      <line num="122" count="44" type="cond" truecount="1" falsecount="1"/>
      <line num="123" count="44" type="stmt"/>
      <line num="127" count="2" type="stmt"/>
      <line num="137" count="14" type="stmt"/>
      <line num="138" count="14" type="stmt"/>
      <line num="139" count="14" type="stmt"/>
      <line num="140" count="14" type="stmt"/>
      <line num="141" count="14" type="stmt"/>
      <line num="142" count="14" type="stmt"/>
      <line num="143" count="14" type="stmt"/>
      <line num="144" count="14" type="cond" truecount="1" falsecount="1"/>
      <line num="145" count="14" type="cond" truecount="1" falsecount="1"/>
      <line num="147" count="14" type="stmt"/>
      <line num="148" count="14" type="stmt"/>
      <line num="149" count="14" type="stmt"/>
      <line num="151" count="14" type="stmt"/>
      <line num="152" count="14" type="cond" truecount="2" falsecount="0"/>
      <line num="153" count="1" type="stmt"/>
      <line num="156" count="13" type="stmt"/>
      <line num="157" count="66" type="cond" truecount="1" falsecount="1"/>
      <line num="158" count="66" type="cond" truecount="1" falsecount="1"/>
      <line num="159" count="66" type="cond" truecount="1" falsecount="1"/>
      <line num="160" count="66" type="cond" truecount="2" falsecount="0"/>
      <line num="163" count="13" type="cond" truecount="2" falsecount="0"/>
      <line num="164" count="2" type="cond" truecount="1" falsecount="1"/>
      <line num="167" count="11" type="cond" truecount="1" falsecount="0"/>
      <line num="168" count="143" type="stmt"/>
      <line num="170" count="11" type="stmt"/>
      <line num="171" count="99" type="cond" truecount="2" falsecount="0"/>
      <line num="172" count="66" type="stmt"/>
      <line num="173" count="242" type="cond" truecount="2" falsecount="0"/>
      <line num="174" count="176" type="cond" truecount="2" falsecount="0"/>
      <line num="175" count="143" type="stmt"/>
      <line num="176" count="143" type="cond" truecount="4" falsecount="0"/>
      <line num="178" count="0" type="stmt"/>
      <line num="181" count="11" type="stmt"/>
      <line num="182" count="33" type="stmt"/>
      <line num="183" count="33" type="stmt"/>
      <line num="184" count="198" type="cond" truecount="2" falsecount="0"/>
      <line num="185" count="165" type="cond" truecount="3" falsecount="1"/>
      <line num="186" count="132" type="stmt"/>
      <line num="187" count="132" type="cond" truecount="1" falsecount="1"/>
      <line num="188" count="132" type="stmt"/>
      <line num="189" count="132" type="cond" truecount="4" falsecount="0"/>
      <line num="190" count="66" type="stmt"/>
      <line num="200" count="33" type="stmt"/>
      <line num="203" count="11" type="stmt"/>
      <line num="204" count="33" type="cond" truecount="1" falsecount="1"/>
      <line num="205" count="33" type="stmt"/>
      <line num="206" count="66" type="stmt"/>
      <line num="207" count="33" type="cond" truecount="1" falsecount="1"/>
      <line num="208" count="66" type="stmt"/>
      <line num="209" count="66" type="stmt"/>
      <line num="210" count="33" type="cond" truecount="1" falsecount="1"/>
      <line num="212" count="0" type="stmt"/>
      <line num="213" count="0" type="cond" truecount="0" falsecount="2"/>
      <line num="214" count="0" type="cond" truecount="0" falsecount="2"/>
      <line num="216" count="33" type="cond" truecount="1" falsecount="1"/>
      <line num="217" count="66" type="stmt"/>
      <line num="218" count="33" type="cond" truecount="1" falsecount="1"/>
      <line num="220" count="33" type="stmt"/>
      <line num="223" count="11" type="stmt"/>
      <line num="224" count="33" type="stmt"/>
      <line num="232" count="33" type="stmt"/>
      <line num="233" count="33" type="stmt"/>
      <line num="234" count="33" type="stmt"/>
      <line num="236" count="33" type="cond" truecount="2" falsecount="0"/>
      <line num="237" count="11" type="stmt"/>
      <line num="238" count="11" type="cond" truecount="1" falsecount="1"/>
      <line num="239" count="11" type="cond" truecount="1" falsecount="1"/>
      <line num="240" count="11" type="cond" truecount="1" falsecount="1"/>
      <line num="241" count="0" type="stmt"/>
      <line num="243" count="11" type="stmt"/>
      <line num="246" count="22" type="cond" truecount="3" falsecount="1"/>
      <line num="247" count="0" type="cond" truecount="0" falsecount="2"/>
      <line num="250" count="22" type="stmt"/>
      <line num="251" count="22" type="stmt"/>
      <line num="252" count="22" type="stmt"/>
      <line num="253" count="22" type="stmt"/>
      <line num="254" count="132" type="cond" truecount="2" falsecount="0"/>
      <line num="255" count="110" type="cond" truecount="2" falsecount="0"/>
      <line num="256" count="99" type="stmt"/>
      <line num="257" count="99" type="cond" truecount="4" falsecount="0"/>
      <line num="258" count="44" type="stmt"/>
      <line num="259" count="44" type="cond" truecount="1" falsecount="1"/>
      <line num="260" count="44" type="stmt"/>
      <line num="269" count="44" type="stmt"/>
      <line num="270" count="44" type="cond" truecount="1" falsecount="1"/>
      <line num="271" count="44" type="stmt"/>
      <line num="272" count="44" type="stmt"/>
      <line num="275" count="22" type="cond" truecount="1" falsecount="1"/>
      <line num="276" count="22" type="stmt"/>
      <line num="285" count="22" type="cond" truecount="1" falsecount="1"/>
      <line num="287" count="33" type="cond" truecount="1" falsecount="1"/>
      <line num="288" count="33" type="stmt"/>
      <line num="291" count="11" type="stmt"/>
      <line num="292" count="44" type="cond" truecount="2" falsecount="0"/>
      <line num="294" count="33" type="cond" truecount="1" falsecount="1"/>
      <line num="295" count="44" type="stmt"/>
      <line num="296" count="44" type="cond" truecount="1" falsecount="1"/>
      <line num="297" count="0" type="cond" truecount="0" falsecount="2"/>
      <line num="298" count="0" type="stmt"/>
      <line num="300" count="0" type="stmt"/>
      <line num="303" count="33" type="stmt"/>
      <line num="304" count="33" type="stmt"/>
      <line num="305" count="0" type="cond" truecount="0" falsecount="2"/>
      <line num="306" count="0" type="cond" truecount="0" falsecount="2"/>
      <line num="308" count="0" type="stmt"/>
      <line num="311" count="33" type="stmt"/>
      <line num="312" count="33" type="stmt"/>
      <line num="313" count="33" type="stmt"/>
      <line num="314" count="33" type="cond" truecount="2" falsecount="2"/>
      <line num="322" count="0" type="stmt"/>
      <line num="324" count="33" type="cond" truecount="2" falsecount="2"/>
      <line num="325" count="0" type="stmt"/>
      <line num="328" count="33" type="cond" truecount="1" falsecount="1"/>
      <line num="329" count="44" type="stmt"/>
      <line num="330" count="44" type="cond" truecount="1" falsecount="1"/>
      <line num="332" count="44" type="stmt"/>
      <line num="348" count="44" type="stmt"/>
      <line num="349" count="44" type="stmt"/>
      <line num="352" count="11" type="stmt"/>
      <line num="353" count="11" type="cond" truecount="2" falsecount="2"/>
      <line num="354" count="0" type="stmt"/>
      <line num="361" count="11" type="stmt"/>
      <line num="362" count="33" type="stmt"/>
      <line num="363" count="33" type="stmt"/>
      <line num="369" count="11" type="stmt"/>
      <line num="378" count="14" type="stmt"/>
      <line num="379" count="22" type="stmt"/>
      <line num="380" count="14" type="stmt"/>
      <line num="381" count="934" type="stmt"/>
      <line num="382" count="934" type="stmt"/>
      <line num="383" count="2343" type="cond" truecount="2" falsecount="0"/>
      <line num="385" count="934" type="stmt"/>
      <line num="386" count="934" type="stmt"/>
      <line num="391" count="14" type="cond" truecount="3" falsecount="1"/>
      <line num="392" count="14" type="stmt"/>
      <line num="394" count="0" type="stmt"/>
      <line num="406" count="14" type="stmt"/>
      <line num="407" count="14" type="stmt"/>
      <line num="408" count="14" type="stmt"/>
      <line num="410" count="14" type="stmt"/>
      <line num="411" count="934" type="stmt"/>
      <line num="416" count="14" type="stmt"/>
      <line num="417" count="14" type="stmt"/>
      <line num="418" count="14" type="stmt"/>
      <line num="425" count="33" type="stmt"/>
      <line num="429" count="14" type="stmt"/>
      <line num="430" count="14" type="stmt"/>
      <line num="432" count="14" type="stmt"/>
      <line num="433" count="14" type="stmt"/>
      <line num="434" count="934" type="stmt"/>
      <line num="435" count="934" type="stmt"/>
      <line num="436" count="14" type="stmt"/>
      <line num="437" count="33" type="stmt"/>
      <line num="438" count="33" type="cond" truecount="1" falsecount="1"/>
      <line num="439" count="33" type="cond" truecount="1" falsecount="1"/>
      <line num="440" count="14" type="stmt"/>
      <line num="441" count="934" type="stmt"/>
      <line num="442" count="14" type="stmt"/>
      <line num="443" count="14" type="cond" truecount="2" falsecount="0"/>
      <line num="445" count="14" type="stmt"/>
      <line num="456" count="14" type="stmt"/>
      <line num="457" count="14" type="stmt"/>
      <line num="458" count="14" type="stmt"/>
      <line num="459" count="33" type="stmt"/>
      <line num="460" count="33" type="stmt"/>
      <line num="461" count="33" type="stmt"/>
      <line num="469" count="33" type="stmt"/>
      <line num="470" count="33" type="stmt"/>
      <line num="472" count="14" type="stmt"/>
      <line num="481" count="14" type="stmt"/>
      <line num="512" count="5" type="stmt"/>
      <line num="513" count="5" type="stmt"/>
      <line num="514" count="5" type="cond" truecount="3" falsecount="1"/>
      <line num="515" count="4" type="cond" truecount="6" falsecount="0"/>
      <line num="517" count="1" type="stmt"/>
      <line num="519" count="1" type="cond" truecount="1" falsecount="1"/>
      <line num="521" count="1" type="cond" truecount="1" falsecount="1"/>
      <line num="525" count="1" type="stmt"/>
      <line num="528" count="5" type="stmt"/>
      <line num="532" count="0" type="stmt"/>
      <line num="533" count="0" type="stmt"/>
    </file>
    <file name="types.ts" path="/sessions/rcw-01rethk5rniqrzyjjggtovhk/mnt/voltia-local/src/domain/types.ts">
      <metrics statements="23" coveredstatements="22" conditionals="31" coveredconditionals="30" methods="5" coveredmethods="5"/>
      <line num="182" count="3" type="stmt"/>
      <line num="191" count="3" type="stmt"/>
      <line num="198" count="3" type="stmt"/>
      <line num="204" count="3" type="stmt"/>
      <line num="211" count="3" type="stmt"/>
      <line num="227" count="3" type="stmt"/>
      <line num="228" count="3" type="stmt"/>
      <line num="232" count="3" type="stmt"/>
      <line num="235" count="153" type="stmt"/>
      <line num="249" count="149" type="cond" truecount="2" falsecount="0"/>
      <line num="250" count="148" type="cond" truecount="2" falsecount="0"/>
      <line num="251" count="147" type="cond" truecount="2" falsecount="0"/>
      <line num="252" count="146" type="cond" truecount="4" falsecount="0"/>
      <line num="253" count="138" type="cond" truecount="2" falsecount="0"/>
      <line num="254" count="137" type="cond" truecount="4" falsecount="0"/>
      <line num="255" count="3" type="cond" truecount="1" falsecount="1"/>
      <line num="256" count="0" type="stmt"/>
      <line num="261" count="938" type="stmt"/>
      <line num="265" count="935" type="stmt"/>
      <line num="269" count="34" type="cond" truecount="2" falsecount="0"/>
      <line num="270" count="32" type="cond" truecount="2" falsecount="0"/>
      <line num="271" count="31" type="cond" truecount="2" falsecount="0"/>
      <line num="272" count="30" type="stmt"/>
    </file>
  </project>
</coverage>
