{"/sessions/rcw-01rethk5rniqrzyjjggtovhk/mnt/voltia-local/src/domain/charging.ts": {"path":"/sessions/rcw-01rethk5rniqrzyjjggtovhk/mnt/voltia-local/src/domain/charging.ts","statementMap":{"0":{"start":{"line":3,"column":49},"end":{"line":13,"column":null}},"1":{"start":{"line":16,"column":14},"end":{"line":16,"column":null}},"2":{"start":{"line":17,"column":12},"end":{"line":17,"column":null}},"3":{"start":{"line":18,"column":2},"end":{"line":18,"column":null}},"4":{"start":{"line":18,"column":24},"end":{"line":18,"column":null}},"5":{"start":{"line":19,"column":2},"end":{"line":26,"column":null}},"6":{"start":{"line":19,"column":15},"end":{"line":19,"column":18}},"7":{"start":{"line":20,"column":14},"end":{"line":20,"column":null}},"8":{"start":{"line":21,"column":14},"end":{"line":21,"column":null}},"9":{"start":{"line":22,"column":4},"end":{"line":25,"column":null}},"10":{"start":{"line":23,"column":12},"end":{"line":23,"column":null}},"11":{"start":{"line":24,"column":6},"end":{"line":24,"column":null}},"12":{"start":{"line":27,"column":2},"end":{"line":27,"column":null}},"13":{"start":{"line":38,"column":2},"end":{"line":38,"column":null}},"14":{"start":{"line":38,"column":30},"end":{"line":38,"column":null}},"15":{"start":{"line":39,"column":16},"end":{"line":39,"column":null}},"16":{"start":{"line":40,"column":14},"end":{"line":40,"column":null}},"17":{"start":{"line":41,"column":15},"end":{"line":41,"column":null}},"18":{"start":{"line":42,"column":2},"end":{"line":47,"column":null}},"19":{"start":{"line":42,"column":15},"end":{"line":42,"column":18}},"20":{"start":{"line":43,"column":16},"end":{"line":43,"column":null}},"21":{"start":{"line":44,"column":18},"end":{"line":44,"column":null}},"22":{"start":{"line":45,"column":20},"end":{"line":45,"column":null}},"23":{"start":{"line":46,"column":4},"end":{"line":46,"column":null}},"24":{"start":{"line":48,"column":2},"end":{"line":48,"column":null}},"25":{"start":{"line":51,"column":39},"end":{"line":51,"column":null}},"26":{"start":{"line":54,"column":2},"end":{"line":54,"column":null}},"27":{"start":{"line":58,"column":2},"end":{"line":58,"column":null}},"28":{"start":{"line":58,"column":39},"end":{"line":58,"column":79}},"29":{"start":{"line":62,"column":15},"end":{"line":62,"column":null}},"30":{"start":{"line":63,"column":2},"end":{"line":63,"column":null}},"31":{"start":{"line":63,"column":20},"end":{"line":63,"column":null}},"32":{"start":{"line":64,"column":13},"end":{"line":64,"column":null}},"33":{"start":{"line":64,"column":32},"end":{"line":64,"column":49}},"34":{"start":{"line":65,"column":15},"end":{"line":65,"column":null}},"35":{"start":{"line":66,"column":2},"end":{"line":66,"column":null}},"36":{"start":{"line":66,"column":32},"end":{"line":66,"column":62}},"37":{"start":{"line":70,"column":14},"end":{"line":70,"column":null}},"38":{"start":{"line":71,"column":2},"end":{"line":71,"column":null}},"39":{"start":{"line":75,"column":2},"end":{"line":75,"column":null}},"40":{"start":{"line":79,"column":45},"end":{"line":79,"column":null}},"41":{"start":{"line":80,"column":2},"end":{"line":82,"column":null}},"42":{"start":{"line":80,"column":17},"end":{"line":80,"column":20}},"43":{"start":{"line":81,"column":4},"end":{"line":81,"column":null}},"44":{"start":{"line":83,"column":2},"end":{"line":83,"column":null}}},"fnMap":{"0":{"name":"lerpFactor","decl":{"start":{"line":15,"column":16},"end":{"line":15,"column":27}},"loc":{"start":{"line":15,"column":75},"end":{"line":28,"column":null}},"line":15},"1":{"name":"chargeTimeMinutes","decl":{"start":{"line":30,"column":16},"end":{"line":30,"column":null}},"loc":{"start":{"line":37,"column":10},"end":{"line":49,"column":null}},"line":37},"2":{"name":"isDc","decl":{"start":{"line":53,"column":16},"end":{"line":53,"column":21}},"loc":{"start":{"line":53,"column":56},"end":{"line":55,"column":null}},"line":53},"3":{"name":"compatibleSockets","decl":{"start":{"line":57,"column":16},"end":{"line":57,"column":34}},"loc":{"start":{"line":57,"column":87},"end":{"line":59,"column":null}},"line":57},"4":{"name":"(anonymous_4)","decl":{"start":{"line":58,"column":25},"end":{"line":58,"column":33}},"loc":{"start":{"line":58,"column":39},"end":{"line":58,"column":79}},"line":58},"5":{"name":"bestSocket","decl":{"start":{"line":61,"column":16},"end":{"line":61,"column":27}},"loc":{"start":{"line":61,"column":85},"end":{"line":67,"column":null}},"line":61},"6":{"name":"(anonymous_6)","decl":{"start":{"line":64,"column":18},"end":{"line":64,"column":26}},"loc":{"start":{"line":64,"column":32},"end":{"line":64,"column":49}},"line":64},"7":{"name":"(anonymous_7)","decl":{"start":{"line":66,"column":14},"end":{"line":66,"column":22}},"loc":{"start":{"line":66,"column":32},"end":{"line":66,"column":62}},"line":66},"8":{"name":"effectiveChargeKw","decl":{"start":{"line":69,"column":16},"end":{"line":69,"column":34}},"loc":{"start":{"line":69,"column":83},"end":{"line":72,"column":null}},"line":69},"9":{"name":"powerKwAtSoc","decl":{"start":{"line":74,"column":16},"end":{"line":74,"column":29}},"loc":{"start":{"line":74,"column":68},"end":{"line":76,"column":null}},"line":74},"10":{"name":"chargeCurveSeries","decl":{"start":{"line":78,"column":16},"end":{"line":78,"column":34}},"loc":{"start":{"line":78,"column":93},"end":{"line":84,"column":null}},"line":78}},"branchMap":{"0":{"loc":{"start":{"line":16,"column":14},"end":{"line":16,"column":null}},"type":"cond-expr","locations":[{"start":{"line":16,"column":29},"end":{"line":16,"column":37}},{"start":{"line":16,"column":37},"end":{"line":16,"column":null}}],"line":16},"1":{"loc":{"start":{"line":18,"column":2},"end":{"line":18,"column":null}},"type":"if","locations":[{"start":{"line":18,"column":2},"end":{"line":18,"column":null}},{"start":{},"end":{}}],"line":18},"2":{"loc":{"start":{"line":22,"column":4},"end":{"line":25,"column":null}},"type":"if","locations":[{"start":{"line":22,"column":4},"end":{"line":25,"column":null}},{"start":{},"end":{}}],"line":22},"3":{"loc":{"start":{"line":38,"column":2},"end":{"line":38,"column":null}},"type":"if","locations":[{"start":{"line":38,"column":2},"end":{"line":38,"column":null}},{"start":{},"end":{}}],"line":38},"4":{"loc":{"start":{"line":63,"column":2},"end":{"line":63,"column":null}},"type":"if","locations":[{"start":{"line":63,"column":2},"end":{"line":63,"column":null}},{"start":{},"end":{}}],"line":63},"5":{"loc":{"start":{"line":65,"column":15},"end":{"line":65,"column":null}},"type":"cond-expr","locations":[{"start":{"line":65,"column":27},"end":{"line":65,"column":32}},{"start":{"line":65,"column":32},"end":{"line":65,"column":null}}],"line":65},"6":{"loc":{"start":{"line":66,"column":32},"end":{"line":66,"column":62}},"type":"cond-expr","locations":[{"start":{"line":66,"column":56},"end":{"line":66,"column":60}},{"start":{"line":66,"column":60},"end":{"line":66,"column":62}}],"line":66},"7":{"loc":{"start":{"line":70,"column":14},"end":{"line":70,"column":null}},"type":"cond-expr","locations":[{"start":{"line":70,"column":39},"end":{"line":70,"column":57}},{"start":{"line":70,"column":57},"end":{"line":70,"column":null}}],"line":70},"8":{"loc":{"start":{"line":78,"column":52},"end":{"line":78,"column":93}},"type":"default-arg","locations":[{"start":{"line":78,"column":59},"end":{"line":78,"column":93}}],"line":78}},"s":{"0":6,"1":874,"2":874,"3":874,"4":2,"5":872,"6":872,"7":3443,"8":3443,"9":3443,"10":872,"11":872,"12":0,"13":37,"14":1,"15":36,"16":36,"17":36,"18":36,"19":36,"20":864,"21":864,"22":864,"23":864,"24":36,"25":6,"26":393,"27":245,"28":246,"29":244,"30":244,"31":1,"32":243,"33":244,"34":243,"35":244,"36":1,"37":112,"38":112,"39":6,"40":1,"41":1,"42":1,"43":5,"44":1},"f":{"0":874,"1":37,"2":393,"3":245,"4":246,"5":244,"6":244,"7":1,"8":112,"9":6,"10":1},"b":{"0":[873,1],"1":[2,872],"2":[872,2571],"3":[1,36],"4":[1,243],"5":[243,0],"6":[1,0],"7":[111,1],"8":[1]},"meta":{"lastBranch":9,"lastFunction":11,"lastStatement":45,"seen":{"s:3:49:13:Infinity":0,"f:15:16:15:27":0,"s:16:14:16:Infinity":1,"b:16:29:16:37:16:37:16:Infinity":0,"s:17:12:17:Infinity":2,"b:18:2:18:Infinity:undefined:undefined:undefined:undefined":1,"s:18:2:18:Infinity":3,"s:18:24:18:Infinity":4,"s:19:2:26:Infinity":5,"s:19:15:19:18":6,"s:20:14:20:Infinity":7,"s:21:14:21:Infinity":8,"b:22:4:25:Infinity:undefined:undefined:undefined:undefined":2,"s:22:4:25:Infinity":9,"s:23:12:23:Infinity":10,"s:24:6:24:Infinity":11,"s:27:2:27:Infinity":12,"f:30:16:30:Infinity":1,"b:38:2:38:Infinity:undefined:undefined:undefined:undefined":3,"s:38:2:38:Infinity":13,"s:38:30:38:Infinity":14,"s:39:16:39:Infinity":15,"s:40:14:40:Infinity":16,"s:41:15:41:Infinity":17,"s:42:2:47:Infinity":18,"s:42:15:42:18":19,"s:43:16:43:Infinity":20,"s:44:18:44:Infinity":21,"s:45:20:45:Infinity":22,"s:46:4:46:Infinity":23,"s:48:2:48:Infinity":24,"s:51:39:51:Infinity":25,"f:53:16:53:21":2,"s:54:2:54:Infinity":26,"f:57:16:57:34":3,"s:58:2:58:Infinity":27,"f:58:25:58:33":4,"s:58:39:58:79":28,"f:61:16:61:27":5,"s:62:15:62:Infinity":29,"b:63:2:63:Infinity:undefined:undefined:undefined:undefined":4,"s:63:2:63:Infinity":30,"s:63:20:63:Infinity":31,"s:64:13:64:Infinity":32,"f:64:18:64:26":6,"s:64:32:64:49":33,"s:65:15:65:Infinity":34,"b:65:27:65:32:65:32:65:Infinity":5,"s:66:2:66:Infinity":35,"f:66:14:66:22":7,"s:66:32:66:62":36,"b:66:56:66:60:66:60:66:62":6,"f:69:16:69:34":8,"s:70:14:70:Infinity":37,"b:70:39:70:57:70:57:70:Infinity":7,"s:71:2:71:Infinity":38,"f:74:16:74:29":9,"s:75:2:75:Infinity":39,"f:78:16:78:34":10,"b:78:59:78:93":8,"s:79:45:79:Infinity":40,"s:80:2:82:Infinity":41,"s:80:17:80:20":42,"s:81:4:81:Infinity":43,"s:83:2:83:Infinity":44},"fnNames":{}}}
,"/sessions/rcw-01rethk5rniqrzyjjggtovhk/mnt/voltia-local/src/domain/energy.ts": {"path":"/sessions/rcw-01rethk5rniqrzyjjggtovhk/mnt/voltia-local/src/domain/energy.ts","statementMap":{"0":{"start":{"line":4,"column":10},"end":{"line":4,"column":null}},"1":{"start":{"line":5,"column":18},"end":{"line":5,"column":null}},"2":{"start":{"line":6,"column":18},"end":{"line":6,"column":null}},"3":{"start":{"line":7,"column":15},"end":{"line":7,"column":null}},"4":{"start":{"line":8,"column":23},"end":{"line":8,"column":null}},"5":{"start":{"line":9,"column":16},"end":{"line":9,"column":null}},"6":{"start":{"line":11,"column":67},"end":{"line":15,"column":null}},"7":{"start":{"line":17,"column":52},"end":{"line":22,"column":null}},"8":{"start":{"line":39,"column":2},"end":{"line":39,"column":null}},"9":{"start":{"line":43,"column":2},"end":{"line":43,"column":null}},"10":{"start":{"line":48,"column":2},"end":{"line":48,"column":null}},"11":{"start":{"line":48,"column":59},"end":{"line":48,"column":null}},"12":{"start":{"line":49,"column":2},"end":{"line":49,"column":null}},"13":{"start":{"line":53,"column":15},"end":{"line":53,"column":null}},"14":{"start":{"line":54,"column":12},"end":{"line":54,"column":null}},"15":{"start":{"line":55,"column":15},"end":{"line":55,"column":null}},"16":{"start":{"line":56,"column":2},"end":{"line":56,"column":null}},"17":{"start":{"line":57,"column":2},"end":{"line":57,"column":null}},"18":{"start":{"line":61,"column":2},"end":{"line":61,"column":null}},"19":{"start":{"line":65,"column":2},"end":{"line":65,"column":null}},"20":{"start":{"line":69,"column":2},"end":{"line":69,"column":null}},"21":{"start":{"line":74,"column":14},"end":{"line":74,"column":null}},"22":{"start":{"line":75,"column":2},"end":{"line":75,"column":null}},"23":{"start":{"line":79,"column":10},"end":{"line":79,"column":null}},"24":{"start":{"line":80,"column":2},"end":{"line":80,"column":null}},"25":{"start":{"line":80,"column":20},"end":{"line":80,"column":null}},"26":{"start":{"line":81,"column":2},"end":{"line":81,"column":null}},"27":{"start":{"line":81,"column":19},"end":{"line":81,"column":null}},"28":{"start":{"line":82,"column":2},"end":{"line":82,"column":null}},"29":{"start":{"line":86,"column":2},"end":{"line":86,"column":null}},"30":{"start":{"line":86,"column":18},"end":{"line":86,"column":null}},"31":{"start":{"line":87,"column":2},"end":{"line":87,"column":null}},"32":{"start":{"line":87,"column":17},"end":{"line":87,"column":null}},"33":{"start":{"line":88,"column":2},"end":{"line":88,"column":null}},"34":{"start":{"line":88,"column":18},"end":{"line":88,"column":null}},"35":{"start":{"line":89,"column":2},"end":{"line":89,"column":null}},"36":{"start":{"line":89,"column":19},"end":{"line":89,"column":null}},"37":{"start":{"line":90,"column":2},"end":{"line":90,"column":null}},"38":{"start":{"line":90,"column":19},"end":{"line":90,"column":null}},"39":{"start":{"line":91,"column":2},"end":{"line":91,"column":null}},"40":{"start":{"line":95,"column":15},"end":{"line":95,"column":null}},"41":{"start":{"line":96,"column":2},"end":{"line":96,"column":null}},"42":{"start":{"line":96,"column":18},"end":{"line":96,"column":null}},"43":{"start":{"line":97,"column":15},"end":{"line":97,"column":null}},"44":{"start":{"line":98,"column":15},"end":{"line":98,"column":null}},"45":{"start":{"line":99,"column":2},"end":{"line":99,"column":null}},"46":{"start":{"line":103,"column":2},"end":{"line":103,"column":null}},"47":{"start":{"line":107,"column":2},"end":{"line":107,"column":null}},"48":{"start":{"line":111,"column":12},"end":{"line":111,"column":null}},"49":{"start":{"line":112,"column":2},"end":{"line":112,"column":null}},"50":{"start":{"line":124,"column":13},"end":{"line":124,"column":null}},"51":{"start":{"line":125,"column":2},"end":{"line":125,"column":null}},"52":{"start":{"line":125,"column":15},"end":{"line":125,"column":null}},"53":{"start":{"line":126,"column":12},"end":{"line":126,"column":null}},"54":{"start":{"line":127,"column":14},"end":{"line":127,"column":null}},"55":{"start":{"line":128,"column":16},"end":{"line":128,"column":null}},"56":{"start":{"line":129,"column":16},"end":{"line":129,"column":null}},"57":{"start":{"line":130,"column":16},"end":{"line":130,"column":null}},"58":{"start":{"line":131,"column":2},"end":{"line":134,"column":null}},"59":{"start":{"line":145,"column":43},"end":{"line":145,"column":null}},"60":{"start":{"line":146,"column":15},"end":{"line":146,"column":null}},"61":{"start":{"line":147,"column":16},"end":{"line":147,"column":null}},"62":{"start":{"line":148,"column":15},"end":{"line":148,"column":null}},"63":{"start":{"line":149,"column":15},"end":{"line":149,"column":null}},"64":{"start":{"line":150,"column":21},"end":{"line":150,"column":null}},"65":{"start":{"line":151,"column":16},"end":{"line":151,"column":null}},"66":{"start":{"line":152,"column":8},"end":{"line":152,"column":null}},"67":{"start":{"line":153,"column":14},"end":{"line":153,"column":null}},"68":{"start":{"line":154,"column":18},"end":{"line":154,"column":null}},"69":{"start":{"line":155,"column":19},"end":{"line":155,"column":null}},"70":{"start":{"line":156,"column":16},"end":{"line":156,"column":null}},"71":{"start":{"line":157,"column":16},"end":{"line":157,"column":null}},"72":{"start":{"line":159,"column":32},"end":{"line":167,"column":null}},"73":{"start":{"line":169,"column":16},"end":{"line":169,"column":null}},"74":{"start":{"line":170,"column":18},"end":{"line":170,"column":null}},"75":{"start":{"line":171,"column":6},"end":{"line":171,"column":null}},"76":{"start":{"line":172,"column":2},"end":{"line":172,"column":null}},"77":{"start":{"line":173,"column":16},"end":{"line":173,"column":null}},"78":{"start":{"line":175,"column":19},"end":{"line":175,"column":null}},"79":{"start":{"line":176,"column":21},"end":{"line":176,"column":null}},"80":{"start":{"line":177,"column":22},"end":{"line":177,"column":null}},"81":{"start":{"line":180,"column":14},"end":{"line":180,"column":null}},"82":{"start":{"line":181,"column":2},"end":{"line":181,"column":null}},"83":{"start":{"line":182,"column":14},"end":{"line":182,"column":null}},"84":{"start":{"line":183,"column":2},"end":{"line":183,"column":null}},"85":{"start":{"line":193,"column":43},"end":{"line":193,"column":null}},"86":{"start":{"line":194,"column":15},"end":{"line":194,"column":null}},"87":{"start":{"line":195,"column":20},"end":{"line":195,"column":null}},"88":{"start":{"line":196,"column":21},"end":{"line":196,"column":null}},"89":{"start":{"line":197,"column":16},"end":{"line":197,"column":null}},"90":{"start":{"line":198,"column":15},"end":{"line":198,"column":null}},"91":{"start":{"line":199,"column":15},"end":{"line":199,"column":null}},"92":{"start":{"line":200,"column":21},"end":{"line":200,"column":null}},"93":{"start":{"line":201,"column":21},"end":{"line":201,"column":null}},"94":{"start":{"line":202,"column":16},"end":{"line":202,"column":null}},"95":{"start":{"line":204,"column":4},"end":{"line":211,"column":null}},"96":{"start":{"line":212,"column":15},"end":{"line":212,"column":null}},"97":{"start":{"line":213,"column":15},"end":{"line":213,"column":null}},"98":{"start":{"line":214,"column":18},"end":{"line":214,"column":null}},"99":{"start":{"line":215,"column":16},"end":{"line":215,"column":null}},"100":{"start":{"line":216,"column":16},"end":{"line":216,"column":null}},"101":{"start":{"line":217,"column":2},"end":{"line":217,"column":null}},"102":{"start":{"line":227,"column":2},"end":{"line":227,"column":null}},"103":{"start":{"line":227,"column":23},"end":{"line":227,"column":null}},"104":{"start":{"line":228,"column":2},"end":{"line":228,"column":null}},"105":{"start":{"line":228,"column":41},"end":{"line":228,"column":null}},"106":{"start":{"line":229,"column":2},"end":{"line":229,"column":null}},"107":{"start":{"line":238,"column":2},"end":{"line":238,"column":null}},"108":{"start":{"line":238,"column":37},"end":{"line":238,"column":null}},"109":{"start":{"line":239,"column":12},"end":{"line":239,"column":null}},"110":{"start":{"line":240,"column":2},"end":{"line":240,"column":null}},"111":{"start":{"line":253,"column":2},"end":{"line":253,"column":null}},"112":{"start":{"line":261,"column":14},"end":{"line":261,"column":null}},"113":{"start":{"line":262,"column":12},"end":{"line":262,"column":null}},"114":{"start":{"line":263,"column":12},"end":{"line":263,"column":null}},"115":{"start":{"line":264,"column":29},"end":{"line":264,"column":null}},"116":{"start":{"line":265,"column":2},"end":{"line":291,"column":null}},"117":{"start":{"line":265,"column":15},"end":{"line":265,"column":18}},"118":{"start":{"line":266,"column":14},"end":{"line":266,"column":null}},"119":{"start":{"line":267,"column":16},"end":{"line":267,"column":null}},"120":{"start":{"line":268,"column":16},"end":{"line":268,"column":null}},"121":{"start":{"line":269,"column":14},"end":{"line":269,"column":null}},"122":{"start":{"line":270,"column":4},"end":{"line":278,"column":null}},"123":{"start":{"line":271,"column":19},"end":{"line":271,"column":null}},"124":{"start":{"line":272,"column":18},"end":{"line":272,"column":null}},"125":{"start":{"line":273,"column":20},"end":{"line":273,"column":null}},"126":{"start":{"line":274,"column":20},"end":{"line":274,"column":null}},"127":{"start":{"line":275,"column":6},"end":{"line":275,"column":null}},"128":{"start":{"line":276,"column":6},"end":{"line":276,"column":null}},"129":{"start":{"line":277,"column":6},"end":{"line":277,"column":null}},"130":{"start":{"line":279,"column":4},"end":{"line":279,"column":null}},"131":{"start":{"line":280,"column":4},"end":{"line":280,"column":null}},"132":{"start":{"line":281,"column":16},"end":{"line":281,"column":null}},"133":{"start":{"line":282,"column":4},"end":{"line":290,"column":null}},"134":{"start":{"line":292,"column":2},"end":{"line":292,"column":null}},"135":{"start":{"line":296,"column":12},"end":{"line":296,"column":null}},"136":{"start":{"line":297,"column":12},"end":{"line":297,"column":null}},"137":{"start":{"line":298,"column":2},"end":{"line":298,"column":null}},"138":{"start":{"line":317,"column":19},"end":{"line":317,"column":null}},"139":{"start":{"line":318,"column":20},"end":{"line":318,"column":null}},"140":{"start":{"line":319,"column":21},"end":{"line":319,"column":null}},"141":{"start":{"line":320,"column":21},"end":{"line":320,"column":null}},"142":{"start":{"line":321,"column":23},"end":{"line":321,"column":null}},"143":{"start":{"line":322,"column":17},"end":{"line":322,"column":null}},"144":{"start":{"line":323,"column":18},"end":{"line":323,"column":null}},"145":{"start":{"line":324,"column":2},"end":{"line":335,"column":null}}},"fnMap":{"0":{"name":"hasManualConsumption","decl":{"start":{"line":38,"column":16},"end":{"line":38,"column":37}},"loc":{"start":{"line":38,"column":64},"end":{"line":40,"column":null}},"line":38},"1":{"name":"energyMode","decl":{"start":{"line":42,"column":16},"end":{"line":42,"column":27}},"loc":{"start":{"line":42,"column":57},"end":{"line":44,"column":null}},"line":42},"2":{"name":"wltpKwhPer100","decl":{"start":{"line":47,"column":16},"end":{"line":47,"column":30}},"loc":{"start":{"line":47,"column":63},"end":{"line":50,"column":null}},"line":47},"3":{"name":"dragAreaM2","decl":{"start":{"line":52,"column":16},"end":{"line":52,"column":27}},"loc":{"start":{"line":52,"column":53},"end":{"line":58,"column":null}},"line":52},"4":{"name":"rollingCrr","decl":{"start":{"line":60,"column":16},"end":{"line":60,"column":27}},"loc":{"start":{"line":60,"column":53},"end":{"line":62,"column":null}},"line":60},"5":{"name":"drivetrainEff","decl":{"start":{"line":64,"column":16},"end":{"line":64,"column":30}},"loc":{"start":{"line":64,"column":56},"end":{"line":66,"column":null}},"line":64},"6":{"name":"regenFactor","decl":{"start":{"line":68,"column":16},"end":{"line":68,"column":28}},"loc":{"start":{"line":68,"column":54},"end":{"line":70,"column":null}},"line":68},"7":{"name":"tripRegenCap","decl":{"start":{"line":73,"column":16},"end":{"line":73,"column":29}},"loc":{"start":{"line":73,"column":65},"end":{"line":76,"column":null}},"line":73},"8":{"name":"effectiveRegen","decl":{"start":{"line":78,"column":16},"end":{"line":78,"column":31}},"loc":{"start":{"line":78,"column":99},"end":{"line":83,"column":null}},"line":78},"9":{"name":"climateMultiplier","decl":{"start":{"line":85,"column":16},"end":{"line":85,"column":34}},"loc":{"start":{"line":85,"column":57},"end":{"line":92,"column":null}},"line":85},"10":{"name":"acPowerKw","decl":{"start":{"line":94,"column":16},"end":{"line":94,"column":26}},"loc":{"start":{"line":94,"column":75},"end":{"line":100,"column":null}},"line":94},"11":{"name":"clamp","decl":{"start":{"line":102,"column":9},"end":{"line":102,"column":15}},"loc":{"start":{"line":102,"column":58},"end":{"line":104,"column":null}},"line":102},"12":{"name":"airDensity","decl":{"start":{"line":106,"column":9},"end":{"line":106,"column":20}},"loc":{"start":{"line":106,"column":43},"end":{"line":108,"column":null}},"line":106},"13":{"name":"speedFactor","decl":{"start":{"line":110,"column":9},"end":{"line":110,"column":21}},"loc":{"start":{"line":110,"column":47},"end":{"line":113,"column":null}},"line":110},"14":{"name":"wheelForcesKwh","decl":{"start":{"line":115,"column":9},"end":{"line":115,"column":24}},"loc":{"start":{"line":123,"column":42},"end":{"line":135,"column":null}},"line":123},"15":{"name":"physicsSlice","decl":{"start":{"line":137,"column":9},"end":{"line":137,"column":null}},"loc":{"start":{"line":144,"column":15},"end":{"line":184,"column":null}},"line":144},"16":{"name":"manualSlice","decl":{"start":{"line":186,"column":9},"end":{"line":186,"column":null}},"loc":{"start":{"line":192,"column":15},"end":{"line":218,"column":null}},"line":192},"17":{"name":"segmentEnergyBreakdown","decl":{"start":{"line":220,"column":16},"end":{"line":220,"column":null}},"loc":{"start":{"line":226,"column":15},"end":{"line":230,"column":null}},"line":226},"18":{"name":"mixedCycleKwhPer100","decl":{"start":{"line":233,"column":16},"end":{"line":233,"column":null}},"loc":{"start":{"line":237,"column":10},"end":{"line":241,"column":null}},"line":237},"19":{"name":"segmentEnergyKwh","decl":{"start":{"line":246,"column":16},"end":{"line":246,"column":null}},"loc":{"start":{"line":252,"column":10},"end":{"line":254,"column":null}},"line":252},"20":{"name":"annotateEnergy","decl":{"start":{"line":256,"column":16},"end":{"line":256,"column":null}},"loc":{"start":{"line":260,"column":17},"end":{"line":293,"column":null}},"line":260},"21":{"name":"energyBetween","decl":{"start":{"line":295,"column":16},"end":{"line":295,"column":30}},"loc":{"start":{"line":295,"column":94},"end":{"line":299,"column":null}},"line":295},"22":{"name":"batteryBudget","decl":{"start":{"line":301,"column":16},"end":{"line":301,"column":null}},"loc":{"start":{"line":316,"column":2},"end":{"line":336,"column":null}},"line":316}},"branchMap":{"0":{"loc":{"start":{"line":39,"column":17},"end":{"line":39,"column":114}},"type":"binary-expr","locations":[{"start":{"line":39,"column":17},"end":{"line":39,"column":46}},{"start":{"line":39,"column":46},"end":{"line":39,"column":80}},{"start":{"line":39,"column":80},"end":{"line":39,"column":114}}],"line":39},"1":{"loc":{"start":{"line":43,"column":9},"end":{"line":43,"column":null}},"type":"cond-expr","locations":[{"start":{"line":43,"column":41},"end":{"line":43,"column":52}},{"start":{"line":43,"column":52},"end":{"line":43,"column":null}}],"line":43},"2":{"loc":{"start":{"line":48,"column":2},"end":{"line":48,"column":null}},"type":"if","locations":[{"start":{"line":48,"column":2},"end":{"line":48,"column":null}},{"start":{},"end":{}}],"line":48},"3":{"loc":{"start":{"line":48,"column":6},"end":{"line":48,"column":59}},"type":"binary-expr","locations":[{"start":{"line":48,"column":6},"end":{"line":48,"column":32}},{"start":{"line":48,"column":32},"end":{"line":48,"column":59}}],"line":48},"4":{"loc":{"start":{"line":74,"column":14},"end":{"line":74,"column":null}},"type":"cond-expr","locations":[{"start":{"line":74,"column":53},"end":{"line":74,"column":75}},{"start":{"line":74,"column":75},"end":{"line":74,"column":null}}],"line":74},"5":{"loc":{"start":{"line":78,"column":78},"end":{"line":78,"column":99}},"type":"default-arg","locations":[{"start":{"line":78,"column":87},"end":{"line":78,"column":99}}],"line":78},"6":{"loc":{"start":{"line":80,"column":2},"end":{"line":80,"column":null}},"type":"if","locations":[{"start":{"line":80,"column":2},"end":{"line":80,"column":null}},{"start":{},"end":{}}],"line":80},"7":{"loc":{"start":{"line":81,"column":2},"end":{"line":81,"column":null}},"type":"if","locations":[{"start":{"line":81,"column":2},"end":{"line":81,"column":null}},{"start":{},"end":{}}],"line":81},"8":{"loc":{"start":{"line":86,"column":2},"end":{"line":86,"column":null}},"type":"if","locations":[{"start":{"line":86,"column":2},"end":{"line":86,"column":null}},{"start":{},"end":{}}],"line":86},"9":{"loc":{"start":{"line":87,"column":2},"end":{"line":87,"column":null}},"type":"if","locations":[{"start":{"line":87,"column":2},"end":{"line":87,"column":null}},{"start":{},"end":{}}],"line":87},"10":{"loc":{"start":{"line":88,"column":2},"end":{"line":88,"column":null}},"type":"if","locations":[{"start":{"line":88,"column":2},"end":{"line":88,"column":null}},{"start":{},"end":{}}],"line":88},"11":{"loc":{"start":{"line":89,"column":2},"end":{"line":89,"column":null}},"type":"if","locations":[{"start":{"line":89,"column":2},"end":{"line":89,"column":null}},{"start":{},"end":{}}],"line":89},"12":{"loc":{"start":{"line":90,"column":2},"end":{"line":90,"column":null}},"type":"if","locations":[{"start":{"line":90,"column":2},"end":{"line":90,"column":null}},{"start":{},"end":{}}],"line":90},"13":{"loc":{"start":{"line":96,"column":2},"end":{"line":96,"column":null}},"type":"if","locations":[{"start":{"line":96,"column":2},"end":{"line":96,"column":null}},{"start":{},"end":{}}],"line":96},"14":{"loc":{"start":{"line":97,"column":15},"end":{"line":97,"column":null}},"type":"cond-expr","locations":[{"start":{"line":97,"column":23},"end":{"line":97,"column":50}},{"start":{"line":97,"column":50},"end":{"line":97,"column":null}}],"line":97},"15":{"loc":{"start":{"line":98,"column":15},"end":{"line":98,"column":null}},"type":"cond-expr","locations":[{"start":{"line":98,"column":23},"end":{"line":98,"column":50}},{"start":{"line":98,"column":50},"end":{"line":98,"column":null}}],"line":98},"16":{"loc":{"start":{"line":125,"column":2},"end":{"line":125,"column":null}},"type":"if","locations":[{"start":{"line":125,"column":2},"end":{"line":125,"column":null}},{"start":{},"end":{}}],"line":125},"17":{"loc":{"start":{"line":147,"column":43},"end":{"line":147,"column":64}},"type":"binary-expr","locations":[{"start":{"line":147,"column":43},"end":{"line":147,"column":55}},{"start":{"line":147,"column":55},"end":{"line":147,"column":64}}],"line":147},"18":{"loc":{"start":{"line":148,"column":15},"end":{"line":148,"column":null}},"type":"binary-expr","locations":[{"start":{"line":148,"column":15},"end":{"line":148,"column":42}},{"start":{"line":148,"column":42},"end":{"line":148,"column":67}},{"start":{"line":148,"column":67},"end":{"line":148,"column":null}}],"line":148},"19":{"loc":{"start":{"line":149,"column":15},"end":{"line":149,"column":null}},"type":"binary-expr","locations":[{"start":{"line":149,"column":15},"end":{"line":149,"column":35}},{"start":{"line":149,"column":35},"end":{"line":149,"column":null}}],"line":149},"20":{"loc":{"start":{"line":157,"column":16},"end":{"line":157,"column":null}},"type":"cond-expr","locations":[{"start":{"line":157,"column":47},"end":{"line":157,"column":51}},{"start":{"line":157,"column":51},"end":{"line":157,"column":null}}],"line":157},"21":{"loc":{"start":{"line":176,"column":21},"end":{"line":176,"column":null}},"type":"cond-expr","locations":[{"start":{"line":176,"column":34},"end":{"line":176,"column":60}},{"start":{"line":176,"column":60},"end":{"line":176,"column":null}}],"line":176},"22":{"loc":{"start":{"line":197,"column":43},"end":{"line":197,"column":64}},"type":"binary-expr","locations":[{"start":{"line":197,"column":43},"end":{"line":197,"column":55}},{"start":{"line":197,"column":55},"end":{"line":197,"column":64}}],"line":197},"23":{"loc":{"start":{"line":198,"column":15},"end":{"line":198,"column":null}},"type":"binary-expr","locations":[{"start":{"line":198,"column":15},"end":{"line":198,"column":42}},{"start":{"line":198,"column":42},"end":{"line":198,"column":67}},{"start":{"line":198,"column":67},"end":{"line":198,"column":null}}],"line":198},"24":{"loc":{"start":{"line":199,"column":15},"end":{"line":199,"column":null}},"type":"binary-expr","locations":[{"start":{"line":199,"column":15},"end":{"line":199,"column":35}},{"start":{"line":199,"column":35},"end":{"line":199,"column":null}}],"line":199},"25":{"loc":{"start":{"line":225,"column":2},"end":{"line":225,"column":null}},"type":"default-arg","locations":[{"start":{"line":225,"column":11},"end":{"line":225,"column":null}}],"line":225},"26":{"loc":{"start":{"line":227,"column":2},"end":{"line":227,"column":null}},"type":"if","locations":[{"start":{"line":227,"column":2},"end":{"line":227,"column":null}},{"start":{},"end":{}}],"line":227},"27":{"loc":{"start":{"line":228,"column":2},"end":{"line":228,"column":null}},"type":"if","locations":[{"start":{"line":228,"column":2},"end":{"line":228,"column":null}},{"start":{},"end":{}}],"line":228},"28":{"loc":{"start":{"line":238,"column":2},"end":{"line":238,"column":null}},"type":"if","locations":[{"start":{"line":238,"column":2},"end":{"line":238,"column":null}},{"start":{},"end":{}}],"line":238},"29":{"loc":{"start":{"line":251,"column":2},"end":{"line":251,"column":null}},"type":"default-arg","locations":[{"start":{"line":251,"column":11},"end":{"line":251,"column":null}}],"line":251},"30":{"loc":{"start":{"line":270,"column":4},"end":{"line":278,"column":null}},"type":"if","locations":[{"start":{"line":270,"column":4},"end":{"line":278,"column":null}},{"start":{},"end":{}}],"line":270},"31":{"loc":{"start":{"line":281,"column":16},"end":{"line":281,"column":null}},"type":"cond-expr","locations":[{"start":{"line":281,"column":30},"end":{"line":281,"column":50}},{"start":{"line":281,"column":50},"end":{"line":281,"column":null}}],"line":281},"32":{"loc":{"start":{"line":323,"column":18},"end":{"line":323,"column":null}},"type":"cond-expr","locations":[{"start":{"line":323,"column":32},"end":{"line":323,"column":60}},{"start":{"line":323,"column":60},"end":{"line":323,"column":null}}],"line":323}},"s":{"0":2,"1":2,"2":2,"3":2,"4":2,"5":2,"6":2,"7":2,"8":953,"9":18,"10":4,"11":1,"12":3,"13":933,"14":933,"15":933,"16":933,"17":933,"18":933,"19":933,"20":0,"21":935,"22":935,"23":935,"24":935,"25":1,"26":934,"27":56,"28":934,"29":938,"30":2,"31":936,"32":0,"33":936,"34":0,"35":936,"36":934,"37":2,"38":0,"39":2,"40":939,"41":939,"42":2,"43":937,"44":939,"45":939,"46":4668,"47":933,"48":1,"49":1,"50":933,"51":933,"52":0,"53":933,"54":933,"55":933,"56":933,"57":933,"58":933,"59":933,"60":933,"61":933,"62":933,"63":933,"64":933,"65":933,"66":933,"67":933,"68":933,"69":933,"70":933,"71":933,"72":933,"73":933,"74":933,"75":933,"76":933,"77":933,"78":933,"79":933,"80":933,"81":933,"82":933,"83":933,"84":933,"85":1,"86":1,"87":1,"88":1,"89":1,"90":1,"91":1,"92":1,"93":1,"94":1,"95":1,"96":1,"97":1,"98":1,"99":1,"100":1,"101":1,"102":1194,"103":265,"104":929,"105":1,"106":928,"107":4,"108":1,"109":3,"110":3,"111":264,"112":14,"113":14,"114":14,"115":14,"116":14,"117":14,"118":934,"119":934,"120":934,"121":934,"122":934,"123":920,"124":920,"125":920,"126":920,"127":920,"128":920,"129":920,"130":934,"131":934,"132":934,"133":934,"134":14,"135":487,"136":487,"137":487,"138":2,"139":2,"140":2,"141":2,"142":2,"143":2,"144":2,"145":2},"f":{"0":953,"1":18,"2":4,"3":933,"4":933,"5":933,"6":0,"7":935,"8":935,"9":938,"10":939,"11":4668,"12":933,"13":1,"14":933,"15":933,"16":1,"17":1194,"18":4,"19":264,"20":14,"21":487,"22":2},"b":{"0":[953,4,4],"1":[1,17],"2":[1,3],"3":[4,3],"4":[935,0],"5":[935],"6":[1,934],"7":[56,878],"8":[2,936],"9":[0,936],"10":[0,936],"11":[934,2],"12":[0,2],"13":[2,937],"14":[2,935],"15":[2,935],"16":[0,933],"17":[933,0],"18":[933,0,0],"19":[933,933],"20":[2,931],"21":[0,933],"22":[1,0],"23":[1,0,0],"24":[1,1],"25":[1194],"26":[265,929],"27":[1,928],"28":[1,3],"29":[264],"30":[920,14],"31":[920,14],"32":[2,0]},"meta":{"lastBranch":33,"lastFunction":23,"lastStatement":146,"seen":{"s:4:10:4:Infinity":0,"s:5:18:5:Infinity":1,"s:6:18:6:Infinity":2,"s:7:15:7:Infinity":3,"s:8:23:8:Infinity":4,"s:9:16:9:Infinity":5,"s:11:67:15:Infinity":6,"s:17:52:22:Infinity":7,"f:38:16:38:37":0,"s:39:2:39:Infinity":8,"b:39:17:39:46:39:46:39:80:39:80:39:114":0,"f:42:16:42:27":1,"s:43:2:43:Infinity":9,"b:43:41:43:52:43:52:43:Infinity":1,"f:47:16:47:30":2,"b:48:2:48:Infinity:undefined:undefined:undefined:undefined":2,"s:48:2:48:Infinity":10,"b:48:6:48:32:48:32:48:59":3,"s:48:59:48:Infinity":11,"s:49:2:49:Infinity":12,"f:52:16:52:27":3,"s:53:15:53:Infinity":13,"s:54:12:54:Infinity":14,"s:55:15:55:Infinity":15,"s:56:2:56:Infinity":16,"s:57:2:57:Infinity":17,"f:60:16:60:27":4,"s:61:2:61:Infinity":18,"f:64:16:64:30":5,"s:65:2:65:Infinity":19,"f:68:16:68:28":6,"s:69:2:69:Infinity":20,"f:73:16:73:29":7,"s:74:14:74:Infinity":21,"b:74:53:74:75:74:75:74:Infinity":4,"s:75:2:75:Infinity":22,"f:78:16:78:31":8,"b:78:87:78:99":5,"s:79:10:79:Infinity":23,"b:80:2:80:Infinity:undefined:undefined:undefined:undefined":6,"s:80:2:80:Infinity":24,"s:80:20:80:Infinity":25,"b:81:2:81:Infinity:undefined:undefined:undefined:undefined":7,"s:81:2:81:Infinity":26,"s:81:19:81:Infinity":27,"s:82:2:82:Infinity":28,"f:85:16:85:34":9,"b:86:2:86:Infinity:undefined:undefined:undefined:undefined":8,"s:86:2:86:Infinity":29,"s:86:18:86:Infinity":30,"b:87:2:87:Infinity:undefined:undefined:undefined:undefined":9,"s:87:2:87:Infinity":31,"s:87:17:87:Infinity":32,"b:88:2:88:Infinity:undefined:undefined:undefined:undefined":10,"s:88:2:88:Infinity":33,"s:88:18:88:Infinity":34,"b:89:2:89:Infinity:undefined:undefined:undefined:undefined":11,"s:89:2:89:Infinity":35,"s:89:19:89:Infinity":36,"b:90:2:90:Infinity:undefined:undefined:undefined:undefined":12,"s:90:2:90:Infinity":37,"s:90:19:90:Infinity":38,"s:91:2:91:Infinity":39,"f:94:16:94:26":10,"s:95:15:95:Infinity":40,"b:96:2:96:Infinity:undefined:undefined:undefined:undefined":13,"s:96:2:96:Infinity":41,"s:96:18:96:Infinity":42,"s:97:15:97:Infinity":43,"b:97:23:97:50:97:50:97:Infinity":14,"s:98:15:98:Infinity":44,"b:98:23:98:50:98:50:98:Infinity":15,"s:99:2:99:Infinity":45,"f:102:9:102:15":11,"s:103:2:103:Infinity":46,"f:106:9:106:20":12,"s:107:2:107:Infinity":47,"f:110:9:110:21":13,"s:111:12:111:Infinity":48,"s:112:2:112:Infinity":49,"f:115:9:115:24":14,"s:124:13:124:Infinity":50,"b:125:2:125:Infinity:undefined:undefined:undefined:undefined":16,"s:125:2:125:Infinity":51,"s:125:15:125:Infinity":52,"s:126:12:126:Infinity":53,"s:127:14:127:Infinity":54,"s:128:16:128:Infinity":55,"s:129:16:129:Infinity":56,"s:130:16:130:Infinity":57,"s:131:2:134:Infinity":58,"f:137:9:137:Infinity":15,"s:145:43:145:Infinity":59,"s:146:15:146:Infinity":60,"s:147:16:147:Infinity":61,"b:147:43:147:55:147:55:147:64":17,"s:148:15:148:Infinity":62,"b:148:15:148:42:148:42:148:67:148:67:148:Infinity":18,"s:149:15:149:Infinity":63,"b:149:15:149:35:149:35:149:Infinity":19,"s:150:21:150:Infinity":64,"s:151:16:151:Infinity":65,"s:152:8:152:Infinity":66,"s:153:14:153:Infinity":67,"s:154:18:154:Infinity":68,"s:155:19:155:Infinity":69,"s:156:16:156:Infinity":70,"s:157:16:157:Infinity":71,"b:157:47:157:51:157:51:157:Infinity":20,"s:159:32:167:Infinity":72,"s:169:16:169:Infinity":73,"s:170:18:170:Infinity":74,"s:171:6:171:Infinity":75,"s:172:2:172:Infinity":76,"s:173:16:173:Infinity":77,"s:175:19:175:Infinity":78,"s:176:21:176:Infinity":79,"b:176:34:176:60:176:60:176:Infinity":21,"s:177:22:177:Infinity":80,"s:180:14:180:Infinity":81,"s:181:2:181:Infinity":82,"s:182:14:182:Infinity":83,"s:183:2:183:Infinity":84,"f:186:9:186:Infinity":16,"s:193:43:193:Infinity":85,"s:194:15:194:Infinity":86,"s:195:20:195:Infinity":87,"s:196:21:196:Infinity":88,"s:197:16:197:Infinity":89,"b:197:43:197:55:197:55:197:64":22,"s:198:15:198:Infinity":90,"b:198:15:198:42:198:42:198:67:198:67:198:Infinity":23,"s:199:15:199:Infinity":91,"b:199:15:199:35:199:35:199:Infinity":24,"s:200:21:200:Infinity":92,"s:201:21:201:Infinity":93,"s:202:16:202:Infinity":94,"s:204:4:211:Infinity":95,"s:212:15:212:Infinity":96,"s:213:15:213:Infinity":97,"s:214:18:214:Infinity":98,"s:215:16:215:Infinity":99,"s:216:16:216:Infinity":100,"s:217:2:217:Infinity":101,"f:220:16:220:Infinity":17,"b:225:11:225:Infinity":25,"b:227:2:227:Infinity:undefined:undefined:undefined:undefined":26,"s:227:2:227:Infinity":102,"s:227:23:227:Infinity":103,"b:228:2:228:Infinity:undefined:undefined:undefined:undefined":27,"s:228:2:228:Infinity":104,"s:228:41:228:Infinity":105,"s:229:2:229:Infinity":106,"f:233:16:233:Infinity":18,"b:238:2:238:Infinity:undefined:undefined:undefined:undefined":28,"s:238:2:238:Infinity":107,"s:238:37:238:Infinity":108,"s:239:12:239:Infinity":109,"s:240:2:240:Infinity":110,"f:246:16:246:Infinity":19,"b:251:11:251:Infinity":29,"s:253:2:253:Infinity":111,"f:256:16:256:Infinity":20,"s:261:14:261:Infinity":112,"s:262:12:262:Infinity":113,"s:263:12:263:Infinity":114,"s:264:29:264:Infinity":115,"s:265:2:291:Infinity":116,"s:265:15:265:18":117,"s:266:14:266:Infinity":118,"s:267:16:267:Infinity":119,"s:268:16:268:Infinity":120,"s:269:14:269:Infinity":121,"b:270:4:278:Infinity:undefined:undefined:undefined:undefined":30,"s:270:4:278:Infinity":122,"s:271:19:271:Infinity":123,"s:272:18:272:Infinity":124,"s:273:20:273:Infinity":125,"s:274:20:274:Infinity":126,"s:275:6:275:Infinity":127,"s:276:6:276:Infinity":128,"s:277:6:277:Infinity":129,"s:279:4:279:Infinity":130,"s:280:4:280:Infinity":131,"s:281:16:281:Infinity":132,"b:281:30:281:50:281:50:281:Infinity":31,"s:282:4:290:Infinity":133,"s:292:2:292:Infinity":134,"f:295:16:295:30":21,"s:296:12:296:Infinity":135,"s:297:12:297:Infinity":136,"s:298:2:298:Infinity":137,"f:301:16:301:Infinity":22,"s:317:19:317:Infinity":138,"s:318:20:318:Infinity":139,"s:319:21:319:Infinity":140,"s:320:21:320:Infinity":141,"s:321:23:321:Infinity":142,"s:322:17:322:Infinity":143,"s:323:18:323:Infinity":144,"b:323:32:323:60:323:60:323:Infinity":32,"s:324:2:335:Infinity":145},"fnNames":{}}}
,"/sessions/rcw-01rethk5rniqrzyjjggtovhk/mnt/voltia-local/src/domain/geo.ts": {"path":"/sessions/rcw-01rethk5rniqrzyjjggtovhk/mnt/voltia-local/src/domain/geo.ts","statementMap":{"0":{"start":{"line":3,"column":13},"end":{"line":3,"column":null}},"1":{"start":{"line":6,"column":2},"end":{"line":6,"column":null}},"2":{"start":{"line":10,"column":15},"end":{"line":10,"column":null}},"3":{"start":{"line":11,"column":15},"end":{"line":11,"column":null}},"4":{"start":{"line":12,"column":15},"end":{"line":12,"column":null}},"5":{"start":{"line":13,"column":15},"end":{"line":13,"column":null}},"6":{"start":{"line":15,"column":4},"end":{"line":16,"column":null}},"7":{"start":{"line":17,"column":2},"end":{"line":17,"column":null}},"8":{"start":{"line":21,"column":11},"end":{"line":21,"column":null}},"9":{"start":{"line":22,"column":2},"end":{"line":24,"column":null}},"10":{"start":{"line":22,"column":15},"end":{"line":22,"column":18}},"11":{"start":{"line":23,"column":4},"end":{"line":23,"column":null}},"12":{"start":{"line":25,"column":2},"end":{"line":25,"column":null}},"13":{"start":{"line":29,"column":2},"end":{"line":29,"column":null}},"14":{"start":{"line":33,"column":2},"end":{"line":33,"column":null}},"15":{"start":{"line":38,"column":2},"end":{"line":38,"column":null}},"16":{"start":{"line":38,"column":25},"end":{"line":38,"column":null}},"17":{"start":{"line":39,"column":24},"end":{"line":39,"column":null}},"18":{"start":{"line":40,"column":12},"end":{"line":40,"column":null}},"19":{"start":{"line":41,"column":15},"end":{"line":41,"column":null}},"20":{"start":{"line":42,"column":2},"end":{"line":53,"column":null}},"21":{"start":{"line":42,"column":15},"end":{"line":42,"column":18}},"22":{"start":{"line":43,"column":14},"end":{"line":43,"column":null}},"23":{"start":{"line":44,"column":14},"end":{"line":44,"column":null}},"24":{"start":{"line":45,"column":14},"end":{"line":45,"column":null}},"25":{"start":{"line":46,"column":4},"end":{"line":46,"column":null}},"26":{"start":{"line":46,"column":17},"end":{"line":46,"column":null}},"27":{"start":{"line":47,"column":4},"end":{"line":51,"column":null}},"28":{"start":{"line":48,"column":12},"end":{"line":48,"column":null}},"29":{"start":{"line":49,"column":6},"end":{"line":49,"column":null}},"30":{"start":{"line":50,"column":6},"end":{"line":50,"column":null}},"31":{"start":{"line":52,"column":4},"end":{"line":52,"column":null}},"32":{"start":{"line":54,"column":15},"end":{"line":54,"column":null}},"33":{"start":{"line":55,"column":15},"end":{"line":55,"column":null}},"34":{"start":{"line":56,"column":2},"end":{"line":57,"column":null}},"35":{"start":{"line":56,"column":48},"end":{"line":56,"column":null}},"36":{"start":{"line":57,"column":7},"end":{"line":57,"column":null}},"37":{"start":{"line":58,"column":2},"end":{"line":58,"column":null}},"38":{"start":{"line":62,"column":12},"end":{"line":62,"column":null}},"39":{"start":{"line":63,"column":2},"end":{"line":65,"column":null}},"40":{"start":{"line":63,"column":15},"end":{"line":63,"column":18}},"41":{"start":{"line":64,"column":4},"end":{"line":64,"column":null}},"42":{"start":{"line":66,"column":2},"end":{"line":66,"column":null}},"43":{"start":{"line":71,"column":12},"end":{"line":71,"column":null}},"44":{"start":{"line":72,"column":2},"end":{"line":75,"column":null}},"45":{"start":{"line":73,"column":14},"end":{"line":73,"column":null}},"46":{"start":{"line":74,"column":4},"end":{"line":74,"column":null}},"47":{"start":{"line":74,"column":17},"end":{"line":74,"column":null}},"48":{"start":{"line":76,"column":2},"end":{"line":76,"column":null}},"49":{"start":{"line":80,"column":12},"end":{"line":80,"column":null}},"50":{"start":{"line":81,"column":12},"end":{"line":81,"column":null}},"51":{"start":{"line":82,"column":2},"end":{"line":88,"column":null}},"52":{"start":{"line":82,"column":15},"end":{"line":82,"column":18}},"53":{"start":{"line":83,"column":14},"end":{"line":83,"column":null}},"54":{"start":{"line":84,"column":4},"end":{"line":87,"column":null}},"55":{"start":{"line":85,"column":6},"end":{"line":85,"column":null}},"56":{"start":{"line":86,"column":6},"end":{"line":86,"column":null}},"57":{"start":{"line":89,"column":2},"end":{"line":89,"column":null}},"58":{"start":{"line":98,"column":15},"end":{"line":98,"column":null}},"59":{"start":{"line":99,"column":13},"end":{"line":99,"column":null}},"60":{"start":{"line":100,"column":13},"end":{"line":100,"column":null}},"61":{"start":{"line":101,"column":13},"end":{"line":101,"column":null}},"62":{"start":{"line":102,"column":2},"end":{"line":107,"column":null}},"63":{"start":{"line":103,"column":4},"end":{"line":103,"column":null}},"64":{"start":{"line":103,"column":24},"end":{"line":103,"column":null}},"65":{"start":{"line":104,"column":4},"end":{"line":104,"column":null}},"66":{"start":{"line":104,"column":24},"end":{"line":104,"column":null}},"67":{"start":{"line":105,"column":4},"end":{"line":105,"column":null}},"68":{"start":{"line":105,"column":24},"end":{"line":105,"column":null}},"69":{"start":{"line":106,"column":4},"end":{"line":106,"column":null}},"70":{"start":{"line":106,"column":24},"end":{"line":106,"column":null}},"71":{"start":{"line":108,"column":2},"end":{"line":113,"column":null}},"72":{"start":{"line":117,"column":2},"end":{"line":117,"column":null}},"73":{"start":{"line":117,"column":27},"end":{"line":117,"column":null}},"74":{"start":{"line":118,"column":19},"end":{"line":118,"column":null}},"75":{"start":{"line":119,"column":8},"end":{"line":119,"column":null}},"76":{"start":{"line":120,"column":2},"end":{"line":122,"column":null}},"77":{"start":{"line":120,"column":15},"end":{"line":120,"column":18}},"78":{"start":{"line":121,"column":4},"end":{"line":121,"column":null}},"79":{"start":{"line":123,"column":2},"end":{"line":123,"column":null}},"80":{"start":{"line":127,"column":20},"end":{"line":127,"column":null}},"81":{"start":{"line":128,"column":2},"end":{"line":131,"column":null}},"82":{"start":{"line":129,"column":4},"end":{"line":129,"column":null}},"83":{"start":{"line":129,"column":25},"end":{"line":129,"column":53}},"84":{"start":{"line":129,"column":56},"end":{"line":129,"column":null}},"85":{"start":{"line":130,"column":4},"end":{"line":130,"column":null}},"86":{"start":{"line":132,"column":2},"end":{"line":132,"column":null}}},"fnMap":{"0":{"name":"toRad","decl":{"start":{"line":5,"column":16},"end":{"line":5,"column":22}},"loc":{"start":{"line":5,"column":41},"end":{"line":7,"column":null}},"line":5},"1":{"name":"haversineKm","decl":{"start":{"line":9,"column":16},"end":{"line":9,"column":28}},"loc":{"start":{"line":9,"column":58},"end":{"line":18,"column":null}},"line":9},"2":{"name":"polylineLengthKm","decl":{"start":{"line":20,"column":16},"end":{"line":20,"column":33}},"loc":{"start":{"line":20,"column":59},"end":{"line":26,"column":null}},"line":20},"3":{"name":"lerp","decl":{"start":{"line":28,"column":16},"end":{"line":28,"column":21}},"loc":{"start":{"line":28,"column":62},"end":{"line":30,"column":null}},"line":28},"4":{"name":"interpolatePoint","decl":{"start":{"line":32,"column":16},"end":{"line":32,"column":33}},"loc":{"start":{"line":32,"column":74},"end":{"line":34,"column":null}},"line":32},"5":{"name":"resamplePolyline","decl":{"start":{"line":37,"column":16},"end":{"line":37,"column":33}},"loc":{"start":{"line":37,"column":78},"end":{"line":59,"column":null}},"line":37},"6":{"name":"cumulativeKm","decl":{"start":{"line":61,"column":16},"end":{"line":61,"column":29}},"loc":{"start":{"line":61,"column":57},"end":{"line":67,"column":null}},"line":61},"7":{"name":"distanceToPolylineKm","decl":{"start":{"line":70,"column":16},"end":{"line":70,"column":37}},"loc":{"start":{"line":70,"column":76},"end":{"line":77,"column":null}},"line":70},"8":{"name":"nearestIndex","decl":{"start":{"line":79,"column":16},"end":{"line":79,"column":29}},"loc":{"start":{"line":79,"column":68},"end":{"line":90,"column":null}},"line":79},"9":{"name":"boundsOf","decl":{"start":{"line":92,"column":16},"end":{"line":92,"column":25}},"loc":{"start":{"line":97,"column":2},"end":{"line":114,"column":null}},"line":97},"10":{"name":"downsample","decl":{"start":{"line":116,"column":16},"end":{"line":116,"column":30}},"loc":{"start":{"line":116,"column":60},"end":{"line":124,"column":null}},"line":116},"11":{"name":"uniqueByProximity","decl":{"start":{"line":126,"column":16},"end":{"line":126,"column":52}},"loc":{"start":{"line":126,"column":84},"end":{"line":133,"column":null}},"line":126},"12":{"name":"(anonymous_12)","decl":{"start":{"line":129,"column":13},"end":{"line":129,"column":19}},"loc":{"start":{"line":129,"column":25},"end":{"line":129,"column":53}},"line":129}},"branchMap":{"0":{"loc":{"start":{"line":38,"column":2},"end":{"line":38,"column":null}},"type":"if","locations":[{"start":{"line":38,"column":2},"end":{"line":38,"column":null}},{"start":{},"end":{}}],"line":38},"1":{"loc":{"start":{"line":46,"column":4},"end":{"line":46,"column":null}},"type":"if","locations":[{"start":{"line":46,"column":4},"end":{"line":46,"column":null}},{"start":{},"end":{}}],"line":46},"2":{"loc":{"start":{"line":56,"column":2},"end":{"line":57,"column":null}},"type":"if","locations":[{"start":{"line":56,"column":2},"end":{"line":57,"column":null}},{"start":{"line":57,"column":7},"end":{"line":57,"column":null}}],"line":56},"3":{"loc":{"start":{"line":74,"column":4},"end":{"line":74,"column":null}},"type":"if","locations":[{"start":{"line":74,"column":4},"end":{"line":74,"column":null}},{"start":{},"end":{}}],"line":74},"4":{"loc":{"start":{"line":84,"column":4},"end":{"line":87,"column":null}},"type":"if","locations":[{"start":{"line":84,"column":4},"end":{"line":87,"column":null}},{"start":{},"end":{}}],"line":84},"5":{"loc":{"start":{"line":92,"column":43},"end":{"line":92,"column":null}},"type":"default-arg","locations":[{"start":{"line":92,"column":52},"end":{"line":92,"column":null}}],"line":92},"6":{"loc":{"start":{"line":103,"column":4},"end":{"line":103,"column":null}},"type":"if","locations":[{"start":{"line":103,"column":4},"end":{"line":103,"column":null}},{"start":{},"end":{}}],"line":103},"7":{"loc":{"start":{"line":104,"column":4},"end":{"line":104,"column":null}},"type":"if","locations":[{"start":{"line":104,"column":4},"end":{"line":104,"column":null}},{"start":{},"end":{}}],"line":104},"8":{"loc":{"start":{"line":105,"column":4},"end":{"line":105,"column":null}},"type":"if","locations":[{"start":{"line":105,"column":4},"end":{"line":105,"column":null}},{"start":{},"end":{}}],"line":105},"9":{"loc":{"start":{"line":106,"column":4},"end":{"line":106,"column":null}},"type":"if","locations":[{"start":{"line":106,"column":4},"end":{"line":106,"column":null}},{"start":{},"end":{}}],"line":106},"10":{"loc":{"start":{"line":117,"column":2},"end":{"line":117,"column":null}},"type":"if","locations":[{"start":{"line":117,"column":2},"end":{"line":117,"column":null}},{"start":{},"end":{}}],"line":117},"11":{"loc":{"start":{"line":129,"column":4},"end":{"line":129,"column":null}},"type":"if","locations":[{"start":{"line":129,"column":4},"end":{"line":129,"column":null}},{"start":{},"end":{}}],"line":129}},"s":{"0":2,"1":18852,"2":4713,"3":4713,"4":4713,"5":4713,"6":4713,"7":4713,"8":2,"9":2,"10":2,"11":2,"12":2,"13":24,"14":12,"15":3,"16":1,"17":2,"18":2,"19":2,"20":2,"21":2,"22":2,"23":2,"24":2,"25":2,"26":0,"27":2,"28":10,"29":10,"30":10,"31":2,"32":2,"33":2,"34":2,"35":2,"36":0,"37":2,"38":1,"39":1,"40":1,"41":1,"42":1,"43":1,"44":1,"45":3,"46":3,"47":1,"48":1,"49":2,"50":2,"51":2,"52":2,"53":6,"54":6,"55":4,"56":4,"57":2,"58":1,"59":1,"60":1,"61":1,"62":1,"63":2,"64":2,"65":2,"66":1,"67":2,"68":2,"69":2,"70":1,"71":1,"72":2,"73":1,"74":1,"75":1,"76":1,"77":1,"78":10,"79":1,"80":1,"81":1,"82":3,"83":2,"84":1,"85":2,"86":1},"f":{"0":18852,"1":4713,"2":2,"3":24,"4":12,"5":3,"6":1,"7":1,"8":2,"9":1,"10":2,"11":1,"12":2},"b":{"0":[1,2],"1":[0,2],"2":[2,0],"3":[1,2],"4":[4,2],"5":[1],"6":[2,0],"7":[1,1],"8":[2,0],"9":[1,1],"10":[1,1],"11":[1,2]},"meta":{"lastBranch":12,"lastFunction":13,"lastStatement":87,"seen":{"s:3:13:3:Infinity":0,"f:5:16:5:22":0,"s:6:2:6:Infinity":1,"f:9:16:9:28":1,"s:10:15:10:Infinity":2,"s:11:15:11:Infinity":3,"s:12:15:12:Infinity":4,"s:13:15:13:Infinity":5,"s:15:4:16:Infinity":6,"s:17:2:17:Infinity":7,"f:20:16:20:33":2,"s:21:11:21:Infinity":8,"s:22:2:24:Infinity":9,"s:22:15:22:18":10,"s:23:4:23:Infinity":11,"s:25:2:25:Infinity":12,"f:28:16:28:21":3,"s:29:2:29:Infinity":13,"f:32:16:32:33":4,"s:33:2:33:Infinity":14,"f:37:16:37:33":5,"b:38:2:38:Infinity:undefined:undefined:undefined:undefined":0,"s:38:2:38:Infinity":15,"s:38:25:38:Infinity":16,"s:39:24:39:Infinity":17,"s:40:12:40:Infinity":18,"s:41:15:41:Infinity":19,"s:42:2:53:Infinity":20,"s:42:15:42:18":21,"s:43:14:43:Infinity":22,"s:44:14:44:Infinity":23,"s:45:14:45:Infinity":24,"b:46:4:46:Infinity:undefined:undefined:undefined:undefined":1,"s:46:4:46:Infinity":25,"s:46:17:46:Infinity":26,"s:47:4:51:Infinity":27,"s:48:12:48:Infinity":28,"s:49:6:49:Infinity":29,"s:50:6:50:Infinity":30,"s:52:4:52:Infinity":31,"s:54:15:54:Infinity":32,"s:55:15:55:Infinity":33,"b:56:2:57:Infinity:57:7:57:Infinity":2,"s:56:2:57:Infinity":34,"s:56:48:56:Infinity":35,"s:57:7:57:Infinity":36,"s:58:2:58:Infinity":37,"f:61:16:61:29":6,"s:62:12:62:Infinity":38,"s:63:2:65:Infinity":39,"s:63:15:63:18":40,"s:64:4:64:Infinity":41,"s:66:2:66:Infinity":42,"f:70:16:70:37":7,"s:71:12:71:Infinity":43,"s:72:2:75:Infinity":44,"s:73:14:73:Infinity":45,"b:74:4:74:Infinity:undefined:undefined:undefined:undefined":3,"s:74:4:74:Infinity":46,"s:74:17:74:Infinity":47,"s:76:2:76:Infinity":48,"f:79:16:79:29":8,"s:80:12:80:Infinity":49,"s:81:12:81:Infinity":50,"s:82:2:88:Infinity":51,"s:82:15:82:18":52,"s:83:14:83:Infinity":53,"b:84:4:87:Infinity:undefined:undefined:undefined:undefined":4,"s:84:4:87:Infinity":54,"s:85:6:85:Infinity":55,"s:86:6:86:Infinity":56,"s:89:2:89:Infinity":57,"f:92:16:92:25":9,"b:92:52:92:Infinity":5,"s:98:15:98:Infinity":58,"s:99:13:99:Infinity":59,"s:100:13:100:Infinity":60,"s:101:13:101:Infinity":61,"s:102:2:107:Infinity":62,"b:103:4:103:Infinity:undefined:undefined:undefined:undefined":6,"s:103:4:103:Infinity":63,"s:103:24:103:Infinity":64,"b:104:4:104:Infinity:undefined:undefined:undefined:undefined":7,"s:104:4:104:Infinity":65,"s:104:24:104:Infinity":66,"b:105:4:105:Infinity:undefined:undefined:undefined:undefined":8,"s:105:4:105:Infinity":67,"s:105:24:105:Infinity":68,"b:106:4:106:Infinity:undefined:undefined:undefined:undefined":9,"s:106:4:106:Infinity":69,"s:106:24:106:Infinity":70,"s:108:2:113:Infinity":71,"f:116:16:116:30":10,"b:117:2:117:Infinity:undefined:undefined:undefined:undefined":10,"s:117:2:117:Infinity":72,"s:117:27:117:Infinity":73,"s:118:19:118:Infinity":74,"s:119:8:119:Infinity":75,"s:120:2:122:Infinity":76,"s:120:15:120:18":77,"s:121:4:121:Infinity":78,"s:123:2:123:Infinity":79,"f:126:16:126:52":11,"s:127:20:127:Infinity":80,"s:128:2:131:Infinity":81,"b:129:4:129:Infinity:undefined:undefined:undefined:undefined":11,"s:129:4:129:Infinity":82,"f:129:13:129:19":12,"s:129:25:129:53":83,"s:129:56:129:Infinity":84,"s:130:4:130:Infinity":85,"s:132:2:132:Infinity":86},"fnNames":{}}}
,"/sessions/rcw-01rethk5rniqrzyjjggtovhk/mnt/voltia-local/src/domain/planner.ts": {"path":"/sessions/rcw-01rethk5rniqrzyjjggtovhk/mnt/voltia-local/src/domain/planner.ts","statementMap":{"0":{"start":{"line":18,"column":18},"end":{"line":18,"column":null}},"1":{"start":{"line":19,"column":32},"end":{"line":19,"column":null}},"2":{"start":{"line":20,"column":26},"end":{"line":20,"column":null}},"3":{"start":{"line":21,"column":24},"end":{"line":21,"column":null}},"4":{"start":{"line":22,"column":25},"end":{"line":22,"column":null}},"5":{"start":{"line":27,"column":2},"end":{"line":45,"column":null}},"6":{"start":{"line":28,"column":19},"end":{"line":28,"column":43}},"7":{"start":{"line":30,"column":22},"end":{"line":30,"column":null}},"8":{"start":{"line":31,"column":31},"end":{"line":31,"column":null}},"9":{"start":{"line":32,"column":16},"end":{"line":32,"column":null}},"10":{"start":{"line":33,"column":6},"end":{"line":41,"column":null}},"11":{"start":{"line":33,"column":19},"end":{"line":33,"column":22}},"12":{"start":{"line":34,"column":18},"end":{"line":34,"column":null}},"13":{"start":{"line":35,"column":18},"end":{"line":35,"column":null}},"14":{"start":{"line":36,"column":8},"end":{"line":40,"column":null}},"15":{"start":{"line":37,"column":10},"end":{"line":37,"column":null}},"16":{"start":{"line":38,"column":10},"end":{"line":38,"column":null}},"17":{"start":{"line":39,"column":10},"end":{"line":39,"column":null}},"18":{"start":{"line":42,"column":6},"end":{"line":42,"column":null}},"19":{"start":{"line":44,"column":13},"end":{"line":44,"column":61}},"20":{"start":{"line":45,"column":14},"end":{"line":45,"column":59}},"21":{"start":{"line":49,"column":2},"end":{"line":49,"column":null}},"22":{"start":{"line":53,"column":2},"end":{"line":53,"column":null}},"23":{"start":{"line":53,"column":38},"end":{"line":53,"column":null}},"24":{"start":{"line":54,"column":2},"end":{"line":54,"column":null}},"25":{"start":{"line":54,"column":35},"end":{"line":54,"column":null}},"26":{"start":{"line":55,"column":2},"end":{"line":55,"column":null}},"27":{"start":{"line":59,"column":2},"end":{"line":59,"column":null}},"28":{"start":{"line":63,"column":2},"end":{"line":63,"column":null}},"29":{"start":{"line":63,"column":18},"end":{"line":63,"column":null}},"30":{"start":{"line":64,"column":2},"end":{"line":64,"column":null}},"31":{"start":{"line":75,"column":12},"end":{"line":75,"column":null}},"32":{"start":{"line":76,"column":2},"end":{"line":76,"column":null}},"33":{"start":{"line":97,"column":15},"end":{"line":97,"column":null}},"34":{"start":{"line":98,"column":2},"end":{"line":98,"column":null}},"35":{"start":{"line":98,"column":23},"end":{"line":98,"column":null}},"36":{"start":{"line":99,"column":20},"end":{"line":99,"column":null}},"37":{"start":{"line":100,"column":12},"end":{"line":100,"column":null}},"38":{"start":{"line":101,"column":2},"end":{"line":101,"column":null}},"39":{"start":{"line":105,"column":17},"end":{"line":105,"column":null}},"40":{"start":{"line":106,"column":16},"end":{"line":106,"column":null}},"41":{"start":{"line":107,"column":17},"end":{"line":107,"column":null}},"42":{"start":{"line":108,"column":21},"end":{"line":108,"column":null}},"43":{"start":{"line":109,"column":10},"end":{"line":109,"column":null}},"44":{"start":{"line":110,"column":2},"end":{"line":110,"column":null}},"45":{"start":{"line":111,"column":2},"end":{"line":111,"column":null}},"46":{"start":{"line":112,"column":2},"end":{"line":112,"column":null}},"47":{"start":{"line":113,"column":2},"end":{"line":115,"column":null}},"48":{"start":{"line":113,"column":18},"end":{"line":113,"column":null}},"49":{"start":{"line":114,"column":7},"end":{"line":115,"column":null}},"50":{"start":{"line":114,"column":23},"end":{"line":114,"column":null}},"51":{"start":{"line":115,"column":7},"end":{"line":115,"column":null}},"52":{"start":{"line":115,"column":24},"end":{"line":115,"column":null}},"53":{"start":{"line":116,"column":2},"end":{"line":116,"column":null}},"54":{"start":{"line":116,"column":31},"end":{"line":116,"column":null}},"55":{"start":{"line":117,"column":2},"end":{"line":117,"column":null}},"56":{"start":{"line":117,"column":48},"end":{"line":117,"column":null}},"57":{"start":{"line":118,"column":2},"end":{"line":118,"column":null}},"58":{"start":{"line":118,"column":49},"end":{"line":118,"column":null}},"59":{"start":{"line":119,"column":16},"end":{"line":119,"column":null}},"60":{"start":{"line":120,"column":2},"end":{"line":120,"column":null}},"61":{"start":{"line":120,"column":26},"end":{"line":120,"column":null}},"62":{"start":{"line":121,"column":2},"end":{"line":121,"column":null}},"63":{"start":{"line":121,"column":43},"end":{"line":121,"column":null}},"64":{"start":{"line":122,"column":2},"end":{"line":122,"column":null}},"65":{"start":{"line":122,"column":37},"end":{"line":122,"column":null}},"66":{"start":{"line":123,"column":2},"end":{"line":123,"column":null}},"67":{"start":{"line":127,"column":2},"end":{"line":127,"column":null}},"68":{"start":{"line":137,"column":52},"end":{"line":137,"column":null}},"69":{"start":{"line":138,"column":17},"end":{"line":138,"column":null}},"70":{"start":{"line":139,"column":24},"end":{"line":139,"column":null}},"71":{"start":{"line":140,"column":14},"end":{"line":140,"column":null}},"72":{"start":{"line":141,"column":18},"end":{"line":141,"column":null}},"73":{"start":{"line":142,"column":20},"end":{"line":142,"column":null}},"74":{"start":{"line":143,"column":25},"end":{"line":143,"column":null}},"75":{"start":{"line":144,"column":16},"end":{"line":144,"column":null}},"76":{"start":{"line":145,"column":17},"end":{"line":145,"column":null}},"77":{"start":{"line":147,"column":12},"end":{"line":147,"column":null}},"78":{"start":{"line":148,"column":12},"end":{"line":148,"column":null}},"79":{"start":{"line":149,"column":30},"end":{"line":149,"column":null}},"80":{"start":{"line":151,"column":23},"end":{"line":151,"column":null}},"81":{"start":{"line":152,"column":2},"end":{"line":154,"column":null}},"82":{"start":{"line":153,"column":4},"end":{"line":153,"column":null}},"83":{"start":{"line":156,"column":17},"end":{"line":161,"column":null}},"84":{"start":{"line":157,"column":4},"end":{"line":157,"column":null}},"85":{"start":{"line":157,"column":35},"end":{"line":157,"column":null}},"86":{"start":{"line":158,"column":4},"end":{"line":158,"column":null}},"87":{"start":{"line":158,"column":33},"end":{"line":158,"column":null}},"88":{"start":{"line":159,"column":17},"end":{"line":159,"column":null}},"89":{"start":{"line":160,"column":4},"end":{"line":160,"column":null}},"90":{"start":{"line":163,"column":2},"end":{"line":165,"column":null}},"91":{"start":{"line":164,"column":4},"end":{"line":164,"column":null}},"92":{"start":{"line":167,"column":8},"end":{"line":168,"column":null}},"93":{"start":{"line":168,"column":4},"end":{"line":168,"column":null}},"94":{"start":{"line":170,"column":8},"end":{"line":179,"column":null}},"95":{"start":{"line":171,"column":4},"end":{"line":171,"column":null}},"96":{"start":{"line":171,"column":44},"end":{"line":171,"column":null}},"97":{"start":{"line":172,"column":4},"end":{"line":177,"column":null}},"98":{"start":{"line":173,"column":6},"end":{"line":173,"column":null}},"99":{"start":{"line":173,"column":28},"end":{"line":173,"column":null}},"100":{"start":{"line":174,"column":6},"end":{"line":174,"column":null}},"101":{"start":{"line":174,"column":28},"end":{"line":174,"column":50}},"102":{"start":{"line":174,"column":53},"end":{"line":174,"column":null}},"103":{"start":{"line":175,"column":18},"end":{"line":175,"column":null}},"104":{"start":{"line":176,"column":6},"end":{"line":176,"column":null}},"105":{"start":{"line":176,"column":38},"end":{"line":176,"column":null}},"106":{"start":{"line":178,"column":4},"end":{"line":178,"column":null}},"107":{"start":{"line":181,"column":8},"end":{"line":201,"column":null}},"108":{"start":{"line":182,"column":29},"end":{"line":182,"column":null}},"109":{"start":{"line":183,"column":4},"end":{"line":199,"column":null}},"110":{"start":{"line":184,"column":6},"end":{"line":184,"column":null}},"111":{"start":{"line":184,"column":28},"end":{"line":184,"column":50}},"112":{"start":{"line":184,"column":53},"end":{"line":184,"column":null}},"113":{"start":{"line":185,"column":6},"end":{"line":185,"column":null}},"114":{"start":{"line":185,"column":61},"end":{"line":185,"column":null}},"115":{"start":{"line":186,"column":19},"end":{"line":186,"column":null}},"116":{"start":{"line":187,"column":6},"end":{"line":187,"column":null}},"117":{"start":{"line":187,"column":17},"end":{"line":187,"column":null}},"118":{"start":{"line":188,"column":18},"end":{"line":188,"column":null}},"119":{"start":{"line":189,"column":6},"end":{"line":189,"column":null}},"120":{"start":{"line":189,"column":38},"end":{"line":189,"column":null}},"121":{"start":{"line":190,"column":6},"end":{"line":198,"column":null}},"122":{"start":{"line":200,"column":4},"end":{"line":200,"column":null}},"123":{"start":{"line":203,"column":8},"end":{"line":221,"column":null}},"124":{"start":{"line":204,"column":4},"end":{"line":204,"column":null}},"125":{"start":{"line":204,"column":22},"end":{"line":204,"column":null}},"126":{"start":{"line":205,"column":15},"end":{"line":205,"column":null}},"127":{"start":{"line":206,"column":17},"end":{"line":206,"column":null}},"128":{"start":{"line":206,"column":36},"end":{"line":206,"column":57}},"129":{"start":{"line":207,"column":4},"end":{"line":207,"column":null}},"130":{"start":{"line":207,"column":21},"end":{"line":207,"column":null}},"131":{"start":{"line":208,"column":18},"end":{"line":208,"column":null}},"132":{"start":{"line":208,"column":37},"end":{"line":208,"column":77}},"133":{"start":{"line":209,"column":22},"end":{"line":209,"column":null}},"134":{"start":{"line":209,"column":42},"end":{"line":209,"column":89}},"135":{"start":{"line":210,"column":4},"end":{"line":215,"column":null}},"136":{"start":{"line":210,"column":26},"end":{"line":210,"column":null}},"137":{"start":{"line":212,"column":19},"end":{"line":212,"column":null}},"138":{"start":{"line":212,"column":38},"end":{"line":212,"column":85}},"139":{"start":{"line":213,"column":6},"end":{"line":214,"column":null}},"140":{"start":{"line":213,"column":23},"end":{"line":213,"column":null}},"141":{"start":{"line":214,"column":11},"end":{"line":214,"column":null}},"142":{"start":{"line":214,"column":29},"end":{"line":214,"column":null}},"143":{"start":{"line":216,"column":4},"end":{"line":219,"column":null}},"144":{"start":{"line":217,"column":23},"end":{"line":217,"column":null}},"145":{"start":{"line":217,"column":42},"end":{"line":217,"column":59}},"146":{"start":{"line":218,"column":6},"end":{"line":218,"column":null}},"147":{"start":{"line":218,"column":27},"end":{"line":218,"column":null}},"148":{"start":{"line":220,"column":4},"end":{"line":220,"column":null}},"149":{"start":{"line":223,"column":8},"end":{"line":289,"column":null}},"150":{"start":{"line":224,"column":21},"end":{"line":231,"column":null}},"151":{"start":{"line":232,"column":20},"end":{"line":232,"column":null}},"152":{"start":{"line":233,"column":21},"end":{"line":233,"column":null}},"153":{"start":{"line":234,"column":20},"end":{"line":234,"column":null}},"154":{"start":{"line":236,"column":4},"end":{"line":244,"column":null}},"155":{"start":{"line":237,"column":18},"end":{"line":237,"column":null}},"156":{"start":{"line":238,"column":6},"end":{"line":238,"column":null}},"157":{"start":{"line":238,"column":47},"end":{"line":238,"column":null}},"158":{"start":{"line":239,"column":6},"end":{"line":239,"column":null}},"159":{"start":{"line":239,"column":49},"end":{"line":239,"column":null}},"160":{"start":{"line":240,"column":6},"end":{"line":242,"column":null}},"161":{"start":{"line":241,"column":8},"end":{"line":241,"column":null}},"162":{"start":{"line":243,"column":6},"end":{"line":243,"column":null}},"163":{"start":{"line":246,"column":4},"end":{"line":248,"column":null}},"164":{"start":{"line":247,"column":6},"end":{"line":247,"column":null}},"165":{"start":{"line":250,"column":19},"end":{"line":250,"column":null}},"166":{"start":{"line":251,"column":37},"end":{"line":251,"column":null}},"167":{"start":{"line":252,"column":20},"end":{"line":252,"column":null}},"168":{"start":{"line":253,"column":4},"end":{"line":274,"column":null}},"169":{"start":{"line":254,"column":6},"end":{"line":254,"column":null}},"170":{"start":{"line":254,"column":37},"end":{"line":254,"column":null}},"171":{"start":{"line":255,"column":6},"end":{"line":255,"column":null}},"172":{"start":{"line":255,"column":28},"end":{"line":255,"column":50}},"173":{"start":{"line":255,"column":53},"end":{"line":255,"column":null}},"174":{"start":{"line":256,"column":18},"end":{"line":256,"column":null}},"175":{"start":{"line":257,"column":6},"end":{"line":257,"column":null}},"176":{"start":{"line":257,"column":38},"end":{"line":257,"column":null}},"177":{"start":{"line":258,"column":19},"end":{"line":258,"column":null}},"178":{"start":{"line":259,"column":6},"end":{"line":259,"column":null}},"179":{"start":{"line":259,"column":17},"end":{"line":259,"column":null}},"180":{"start":{"line":260,"column":30},"end":{"line":268,"column":null}},"181":{"start":{"line":269,"column":17},"end":{"line":269,"column":null}},"182":{"start":{"line":270,"column":6},"end":{"line":273,"column":null}},"183":{"start":{"line":271,"column":8},"end":{"line":271,"column":null}},"184":{"start":{"line":272,"column":8},"end":{"line":272,"column":null}},"185":{"start":{"line":275,"column":4},"end":{"line":284,"column":null}},"186":{"start":{"line":276,"column":6},"end":{"line":283,"column":null}},"187":{"start":{"line":285,"column":18},"end":{"line":285,"column":null}},"188":{"start":{"line":287,"column":6},"end":{"line":287,"column":null}},"189":{"start":{"line":288,"column":4},"end":{"line":288,"column":null}},"190":{"start":{"line":291,"column":2},"end":{"line":350,"column":null}},"191":{"start":{"line":292,"column":4},"end":{"line":292,"column":null}},"192":{"start":{"line":292,"column":36},"end":{"line":292,"column":null}},"193":{"start":{"line":294,"column":22},"end":{"line":294,"column":null}},"194":{"start":{"line":295,"column":16},"end":{"line":295,"column":null}},"195":{"start":{"line":296,"column":4},"end":{"line":301,"column":null}},"196":{"start":{"line":297,"column":6},"end":{"line":299,"column":null}},"197":{"start":{"line":298,"column":8},"end":{"line":298,"column":null}},"198":{"start":{"line":300,"column":6},"end":{"line":300,"column":null}},"199":{"start":{"line":303,"column":17},"end":{"line":303,"column":null}},"200":{"start":{"line":304,"column":4},"end":{"line":309,"column":null}},"201":{"start":{"line":305,"column":6},"end":{"line":307,"column":null}},"202":{"start":{"line":306,"column":8},"end":{"line":306,"column":null}},"203":{"start":{"line":308,"column":6},"end":{"line":308,"column":null}},"204":{"start":{"line":311,"column":17},"end":{"line":311,"column":null}},"205":{"start":{"line":312,"column":19},"end":{"line":312,"column":null}},"206":{"start":{"line":313,"column":4},"end":{"line":313,"column":null}},"207":{"start":{"line":314,"column":4},"end":{"line":323,"column":null}},"208":{"start":{"line":322,"column":6},"end":{"line":322,"column":null}},"209":{"start":{"line":324,"column":4},"end":{"line":326,"column":null}},"210":{"start":{"line":325,"column":6},"end":{"line":325,"column":null}},"211":{"start":{"line":328,"column":17},"end":{"line":328,"column":null}},"212":{"start":{"line":329,"column":20},"end":{"line":329,"column":null}},"213":{"start":{"line":330,"column":21},"end":{"line":330,"column":null}},"214":{"start":{"line":332,"column":4},"end":{"line":346,"column":null}},"215":{"start":{"line":348,"column":4},"end":{"line":348,"column":null}},"216":{"start":{"line":349,"column":4},"end":{"line":349,"column":null}},"217":{"start":{"line":352,"column":19},"end":{"line":352,"column":null}},"218":{"start":{"line":353,"column":2},"end":{"line":359,"column":null}},"219":{"start":{"line":354,"column":4},"end":{"line":358,"column":null}},"220":{"start":{"line":361,"column":18},"end":{"line":368,"column":null}},"221":{"start":{"line":362,"column":17},"end":{"line":362,"column":null}},"222":{"start":{"line":363,"column":4},"end":{"line":367,"column":null}},"223":{"start":{"line":369,"column":2},"end":{"line":369,"column":null}},"224":{"start":{"line":378,"column":14},"end":{"line":378,"column":null}},"225":{"start":{"line":379,"column":18},"end":{"line":379,"column":null}},"226":{"start":{"line":379,"column":44},"end":{"line":379,"column":75}},"227":{"start":{"line":380,"column":2},"end":{"line":387,"column":null}},"228":{"start":{"line":381,"column":16},"end":{"line":381,"column":null}},"229":{"start":{"line":382,"column":4},"end":{"line":384,"column":null}},"230":{"start":{"line":383,"column":6},"end":{"line":383,"column":null}},"231":{"start":{"line":383,"column":42},"end":{"line":383,"column":null}},"232":{"start":{"line":385,"column":16},"end":{"line":385,"column":null}},"233":{"start":{"line":386,"column":4},"end":{"line":386,"column":null}},"234":{"start":{"line":391,"column":2},"end":{"line":393,"column":null}},"235":{"start":{"line":392,"column":4},"end":{"line":392,"column":null}},"236":{"start":{"line":394,"column":2},"end":{"line":394,"column":null}},"237":{"start":{"line":406,"column":69},"end":{"line":406,"column":null}},"238":{"start":{"line":407,"column":17},"end":{"line":407,"column":null}},"239":{"start":{"line":408,"column":14},"end":{"line":408,"column":null}},"240":{"start":{"line":410,"column":19},"end":{"line":410,"column":null}},"241":{"start":{"line":411,"column":21},"end":{"line":414,"column":null}},"242":{"start":{"line":411,"column":45},"end":{"line":414,"column":4}},"243":{"start":{"line":416,"column":24},"end":{"line":416,"column":null}},"244":{"start":{"line":417,"column":19},"end":{"line":417,"column":null}},"245":{"start":{"line":418,"column":17},"end":{"line":424,"column":null}},"246":{"start":{"line":425,"column":16},"end":{"line":428,"column":null}},"247":{"start":{"line":425,"column":42},"end":{"line":428,"column":4}},"248":{"start":{"line":429,"column":19},"end":{"line":429,"column":null}},"249":{"start":{"line":430,"column":17},"end":{"line":430,"column":null}},"250":{"start":{"line":432,"column":18},"end":{"line":432,"column":null}},"251":{"start":{"line":433,"column":15},"end":{"line":433,"column":null}},"252":{"start":{"line":434,"column":25},"end":{"line":434,"column":null}},"253":{"start":{"line":434,"column":50},"end":{"line":434,"column":72}},"254":{"start":{"line":435,"column":25},"end":{"line":435,"column":null}},"255":{"start":{"line":435,"column":50},"end":{"line":435,"column":72}},"256":{"start":{"line":436,"column":19},"end":{"line":436,"column":null}},"257":{"start":{"line":437,"column":20},"end":{"line":437,"column":null}},"258":{"start":{"line":437,"column":43},"end":{"line":437,"column":64}},"259":{"start":{"line":438,"column":19},"end":{"line":438,"column":null}},"260":{"start":{"line":438,"column":42},"end":{"line":438,"column":65}},"261":{"start":{"line":439,"column":20},"end":{"line":439,"column":null}},"262":{"start":{"line":439,"column":43},"end":{"line":439,"column":71}},"263":{"start":{"line":440,"column":21},"end":{"line":440,"column":null}},"264":{"start":{"line":441,"column":17},"end":{"line":441,"column":null}},"265":{"start":{"line":441,"column":42},"end":{"line":441,"column":62}},"266":{"start":{"line":442,"column":23},"end":{"line":442,"column":null}},"267":{"start":{"line":443,"column":33},"end":{"line":443,"column":null}},"268":{"start":{"line":445,"column":37},"end":{"line":454,"column":null}},"269":{"start":{"line":456,"column":17},"end":{"line":456,"column":null}},"270":{"start":{"line":457,"column":15},"end":{"line":457,"column":null}},"271":{"start":{"line":458,"column":2},"end":{"line":471,"column":null}},"272":{"start":{"line":459,"column":16},"end":{"line":459,"column":null}},"273":{"start":{"line":460,"column":4},"end":{"line":460,"column":null}},"274":{"start":{"line":461,"column":4},"end":{"line":468,"column":null}},"275":{"start":{"line":469,"column":4},"end":{"line":469,"column":null}},"276":{"start":{"line":470,"column":4},"end":{"line":470,"column":null}},"277":{"start":{"line":472,"column":2},"end":{"line":479,"column":null}},"278":{"start":{"line":481,"column":2},"end":{"line":508,"column":null}},"279":{"start":{"line":512,"column":15},"end":{"line":512,"column":null}},"280":{"start":{"line":513,"column":2},"end":{"line":527,"column":null}},"281":{"start":{"line":514,"column":4},"end":{"line":514,"column":null}},"282":{"start":{"line":514,"column":35},"end":{"line":514,"column":null}},"283":{"start":{"line":515,"column":4},"end":{"line":526,"column":null}},"284":{"start":{"line":517,"column":8},"end":{"line":517,"column":null}},"285":{"start":{"line":519,"column":8},"end":{"line":519,"column":null}},"286":{"start":{"line":521,"column":8},"end":{"line":521,"column":null}},"287":{"start":{"line":525,"column":8},"end":{"line":525,"column":null}},"288":{"start":{"line":528,"column":2},"end":{"line":528,"column":null}},"289":{"start":{"line":532,"column":13},"end":{"line":532,"column":null}},"290":{"start":{"line":533,"column":2},"end":{"line":533,"column":null}}},"fnMap":{"0":{"name":"attachChargersToRoute","decl":{"start":{"line":26,"column":16},"end":{"line":26,"column":38}},"loc":{"start":{"line":26,"column":123},"end":{"line":46,"column":null}},"line":26},"1":{"name":"(anonymous_1)","decl":{"start":{"line":28,"column":5},"end":{"line":28,"column":13}},"loc":{"start":{"line":28,"column":19},"end":{"line":28,"column":43}},"line":28},"2":{"name":"(anonymous_2)","decl":{"start":{"line":29,"column":5},"end":{"line":29,"column":10}},"loc":{"start":{"line":29,"column":16},"end":{"line":43,"column":5}},"line":29},"3":{"name":"(anonymous_3)","decl":{"start":{"line":44,"column":5},"end":{"line":44,"column":13}},"loc":{"start":{"line":44,"column":13},"end":{"line":44,"column":61}},"line":44},"4":{"name":"(anonymous_4)","decl":{"start":{"line":45,"column":5},"end":{"line":45,"column":11}},"loc":{"start":{"line":45,"column":14},"end":{"line":45,"column":59}},"line":45},"5":{"name":"socAfter","decl":{"start":{"line":48,"column":9},"end":{"line":48,"column":18}},"loc":{"start":{"line":48,"column":76},"end":{"line":50,"column":null}},"line":48},"6":{"name":"fromRouteKmOf","decl":{"start":{"line":52,"column":9},"end":{"line":52,"column":23}},"loc":{"start":{"line":52,"column":43},"end":{"line":56,"column":null}},"line":52},"7":{"name":"isOffline","decl":{"start":{"line":58,"column":9},"end":{"line":58,"column":19}},"loc":{"start":{"line":58,"column":40},"end":{"line":60,"column":null}},"line":58},"8":{"name":"detourMinutesOf","decl":{"start":{"line":62,"column":9},"end":{"line":62,"column":25}},"loc":{"start":{"line":62,"column":45},"end":{"line":65,"column":null}},"line":62},"9":{"name":"neededDepartSoc","decl":{"start":{"line":67,"column":9},"end":{"line":67,"column":25}},"loc":{"start":{"line":74,"column":11},"end":{"line":77,"column":null}},"line":74},"10":{"name":"arriveAt","decl":{"start":{"line":89,"column":9},"end":{"line":89,"column":null}},"loc":{"start":{"line":96,"column":62},"end":{"line":102,"column":null}},"line":96},"11":{"name":"scoreCharger","decl":{"start":{"line":104,"column":9},"end":{"line":104,"column":22}},"loc":{"start":{"line":104,"column":101},"end":{"line":124,"column":null}},"line":104},"12":{"name":"unreachable","decl":{"start":{"line":126,"column":9},"end":{"line":126,"column":83}},"loc":{"start":{"line":126,"column":83},"end":{"line":128,"column":null}},"line":126},"13":{"name":"pickStops","decl":{"start":{"line":130,"column":9},"end":{"line":130,"column":19}},"loc":{"start":{"line":136,"column":64},"end":{"line":370,"column":null}},"line":136},"14":{"name":"(anonymous_14)","decl":{"start":{"line":156,"column":31},"end":{"line":156,"column":39}},"loc":{"start":{"line":156,"column":45},"end":{"line":161,"column":3}},"line":156},"15":{"name":"(anonymous_15)","decl":{"start":{"line":167,"column":8},"end":{"line":167,"column":28}},"loc":{"start":{"line":168,"column":4},"end":{"line":168,"column":null}},"line":168},"16":{"name":"(anonymous_16)","decl":{"start":{"line":170,"column":8},"end":{"line":170,"column":26}},"loc":{"start":{"line":170,"column":79},"end":{"line":179,"column":null}},"line":170},"17":{"name":"(anonymous_17)","decl":{"start":{"line":174,
[...]
127:2:127:Infinity":67,"f:130:9:130:19":13,"s:137:52:137:Infinity":68,"s:138:17:138:Infinity":69,"s:139:24:139:Infinity":70,"s:140:14:140:Infinity":71,"s:141:18:141:Infinity":72,"s:142:20:142:Infinity":73,"s:143:25:143:Infinity":74,"s:144:16:144:Infinity":75,"b:144:46:144:50:144:50:144:Infinity":23,"s:145:17:145:Infinity":76,"b:145:17:145:41:145:41:145:Infinity":24,"s:147:12:147:Infinity":77,"s:148:12:148:Infinity":78,"s:149:30:149:Infinity":79,"s:151:23:151:Infinity":80,"b:152:2:154:Infinity:undefined:undefined:undefined:undefined":25,"s:152:2:154:Infinity":81,"s:153:4:153:Infinity":82,"s:156:17:161:Infinity":83,"f:156:31:156:39":14,"b:157:4:157:Infinity:undefined:undefined:undefined:undefined":26,"s:157:4:157:Infinity":84,"s:157:35:157:Infinity":85,"b:158:4:158:Infinity:undefined:undefined:undefined:undefined":27,"s:158:4:158:Infinity":86,"s:158:33:158:Infinity":87,"s:159:17:159:Infinity":88,"b:159:17:159:41:159:41:159:Infinity":28,"s:160:4:160:Infinity":89,"b:160:11:160:23:160:23:160:Infinity":29,"b:163:2:165:Infinity:undefined:undefined:undefined:undefined":30,"s:163:2:165:Infinity":90,"s:164:4:164:Infinity":91,"b:164:41:164:106:164:106:164:Infinity":31,"s:167:8:168:Infinity":92,"f:167:8:167:28":15,"s:168:4:168:Infinity":93,"b:167:73:167:Infinity":32,"s:170:8:179:Infinity":94,"f:170:8:170:26":16,"b:171:4:171:Infinity:undefined:undefined:undefined:undefined":33,"s:171:4:171:Infinity":95,"s:171:44:171:Infinity":96,"s:172:4:177:Infinity":97,"b:173:6:173:Infinity:undefined:undefined:undefined:undefined":34,"s:173:6:173:Infinity":98,"s:173:28:173:Infinity":99,"b:174:6:174:Infinity:undefined:undefined:undefined:undefined":35,"s:174:6:174:Infinity":100,"f:174:16:174:22":17,"s:174:28:174:50":101,"s:174:53:174:Infinity":102,"s:175:18:175:Infinity":103,"b:176:6:176:Infinity:undefined:undefined:undefined:undefined":36,"s:176:6:176:Infinity":104,"b:176:10:176:17:176:17:176:38":37,"s:176:38:176:Infinity":105,"s:178:4:178:Infinity":106,"s:181:8:201:Infinity":107,"f:181:8:181:19":18,"s:182:29:182:Infinity":108,"s:183:4:199:Infinity":109,"b:184:6:184:Infinity:undefined:undefined:undefined:undefined":38,"s:184:6:184:Infinity":110,"f:184:16:184:22":19,"s:184:28:184:50":111,"s:184:53:184:Infinity":112,"b:185:6:185:Infinity:undefined:undefined:undefined:undefined":39,"s:185:6:185:Infinity":113,"b:185:11:185:27:185:27:185:32":40,"s:185:61:185:Infinity":114,"s:186:19:186:Infinity":115,"b:187:6:187:Infinity:undefined:undefined:undefined:undefined":41,"s:187:6:187:Infinity":116,"s:187:17:187:Infinity":117,"s:188:18:188:Infinity":118,"b:189:6:189:Infinity:undefined:undefined:undefined:undefined":42,"s:189:6:189:Infinity":119,"b:189:10:189:18:189:18:189:38":43,"s:189:38:189:Infinity":120,"s:190:6:198:Infinity":121,"s:200:4:200:Infinity":122,"s:203:8:221:Infinity":123,"f:203:8:203:18":20,"b:204:4:204:Infinity:undefined:undefined:undefined:undefined":44,"s:204:4:204:Infinity":124,"s:204:22:204:Infinity":125,"s:205:15:205:Infinity":126,"s:206:17:206:Infinity":127,"f:206:22:206:30":21,"s:206:36:206:57":128,"b:207:4:207:Infinity:undefined:undefined:undefined:undefined":45,"s:207:4:207:Infinity":129,"s:207:21:207:Infinity":130,"s:208:18:208:Infinity":131,"f:208:23:208:31":22,"s:208:37:208:77":132,"s:209:22:209:Infinity":133,"f:209:28:209:36":23,"s:209:42:209:89":134,"b:210:4:215:Infinity:211:9:215:Infinity":46,"s:210:4:215:Infinity":135,"s:210:26:210:Infinity":136,"s:212:19:212:Infinity":137,"f:212:24:212:32":24,"s:212:38:212:85":138,"b:213:6:214:Infinity:214:11:214:Infinity":47,"s:213:6:214:Infinity":139,"s:213:23:213:Infinity":140,"b:214:11:214:Infinity:undefined:undefined:undefined:undefined":48,"s:214:11:214:Infinity":141,"s:214:29:214:Infinity":142,"b:216:4:219:Infinity:undefined:undefined:undefined:undefined":49,"s:216:4:219:Infinity":143,"s:217:23:217:Infinity":144,"f:217:28:217:36":25,"s:217:42:217:59":145,"b:218:6:218:Infinity:undefined:undefined:undefined:undefined":50,"s:218:6:218:Infinity":146,"s:218:27:218:Infinity":147,"s:220:4:220:Infinity":148,"s:223:8:289:Infinity":149,"f:223:8:223:24":26,"s:224:21:231:Infinity":150,"s:232:20:232:Infinity":151,"s:233:21:233:Infinity":152,"s:234:20:234:Infinity":153,"b:236:4:244:Infinity:undefined:undefined:undefined:undefined":51,"s:236:4:244:Infinity":154,"s:237:18:237:Infinity":155,"b:238:6:238:Infinity:undefined:undefined:undefined:undefined":52,"s:238:6:238:Infinity":156,"s:238:47:238:Infinity":157,"b:239:6:239:Infinity:undefined:undefined:undefined:undefined":53,"s:239:6:239:Infinity":158,"s:239:49:239:Infinity":159,"b:240:6:242:Infinity:undefined:undefined:undefined:undefined":54,"s:240:6:242:Infinity":160,"s:241:8:241:Infinity":161,"s:243:6:243:Infinity":162,"b:246:4:248:Infinity:undefined:undefined:undefined:undefined":55,"s:246:4:248:Infinity":163,"b:246:8:246:53:246:53:246:90":56,"s:247:6:247:Infinity":164,"b:247:97:247:102:247:102:247:104":57,"s:250:19:250:Infinity":165,"s:251:37:251:Infinity":166,"s:252:20:252:Infinity":167,"s:253:4:274:Infinity":168,"b:254:6:254:Infinity:undefined:undefined:undefined:undefined":58,"s:254:6:254:Infinity":169,"s:254:37:254:Infinity":170,"b:255:6:255:Infinity:undefined:undefined:undefined:undefined":59,"s:255:6:255:Infinity":171,"f:255:16:255:22":27,"s:255:28:255:50":172,"s:255:53:255:Infinity":173,"s:256:18:256:Infinity":174,"b:257:6:257:Infinity:undefined:undefined:undefined:undefined":60,"s:257:6:257:Infinity":175,"b:257:10:257:18:257:18:257:38":61,"s:257:38:257:Infinity":176,"s:258:19:258:Infinity":177,"b:259:6:259:Infinity:undefined:undefined:undefined:undefined":62,"s:259:6:259:Infinity":178,"s:259:17:259:Infinity":179,"s:260:30:268:Infinity":180,"s:269:17:269:Infinity":181,"b:270:6:273:Infinity:undefined:undefined:undefined:undefined":63,"s:270:6:273:Infinity":182,"s:271:8:271:Infinity":183,"s:272:8:272:Infinity":184,"b:275:4:284:Infinity:undefined:undefined:undefined:undefined":64,"s:275:4:284:Infinity":185,"s:276:6:283:Infinity":186,"s:285:18:285:Infinity":187,"b:285:58:285:62:285:62:285:Infinity":65,"s:287:6:287:Infinity":188,"b:287:46:287:87:287:87:287:Infinity":66,"s:288:4:288:Infinity":189,"s:291:2:350:Infinity":190,"b:292:4:292:Infinity:undefined:undefined:undefined:undefined":67,"s:292:4:292:Infinity":191,"s:292:36:292:Infinity":192,"s:294:22:294:Infinity":193,"b:294:22:294:42:294:42:294:Infinity":68,"s:295:16:295:Infinity":194,"b:296:4:301:Infinity:undefined:undefined:undefined:undefined":69,"s:296:4:301:Infinity":195,"b:297:6:299:Infinity:undefined:undefined:undefined:undefined":70,"s:297:6:299:Infinity":196,"s:298:8:298:Infinity":197,"s:300:6:300:Infinity":198,"s:303:17:303:Infinity":199,"s:304:4:309:Infinity":200,"f:304:9:304:15":28,"b:305:6:307:Infinity:undefined:undefined:undefined:undefined":71,"s:305:6:307:Infinity":201,"s:306:8:306:Infinity":202,"b:306:15:306:34:306:34:306:Infinity":72,"s:308:6:308:Infinity":203,"s:311:17:311:Infinity":204,"s:312:19:312:Infinity":205,"s:313:4:313:Infinity":206,"b:314:4:323:Infinity:undefined:undefined:undefined:undefined":73,"s:314:4:323:Infinity":207,"b:314:8:314:32:314:32:321:25":74,"s:322:6:322:Infinity":208,"b:324:4:326:Infinity:undefined:undefined:undefined:undefined":75,"s:324:4:326:Infinity":209,"b:324:8:324:65:324:65:324:120":76,"s:325:6:325:Infinity":210,"s:328:17:328:Infinity":211,"b:328:47:328:65:328:65:328:Infinity":77,"s:329:20:329:Infinity":212,"s:330:21:330:Infinity":213,"b:330:21:330:46:330:46:330:Infinity":78,"s:332:4:346:Infinity":214,"b:339:20:339:46:339:46:339:Infinity":79,"s:348:4:348:Infinity":215,"s:349:4:349:Infinity":216,"s:352:19:352:Infinity":217,"b:353:2:359:Infinity:undefined:undefined:undefined:undefined":80,"s:353:2:359:Infinity":218,"b:353:6:353:34:353:34:353:64":81,"s:354:4:358:Infinity":219,"s:361:18:368:Infinity":220,"f:361:24:361:29":29,"s:362:17:362:Infinity":221,"s:363:4:367:Infinity":222,"b:365:24:365:44:365:44:365:54":82,"b:366:24:366:44:366:44:366:Infinity":83,"s:369:2:369:Infinity":223,"f:372:9:372:Infinity":30,"s:378:14:378:Infinity":224,"s:379:18:379:Infinity":225,"f:379:29:379:35":31,"s:379:44:379:75":226,"s:380:2:387:Infinity":227,"f:380:14:380:19":32,"s:381:16:381:Infinity":228,"s:382:4:384:Infinity":229,"b:383:6:383:Infinity:undefined:undefined:undefined:undefined":84,"s:383:6:383:Infinity":230,"s:383:42:383:Infinity":231,"s:385:16:385:Infinity":232,"s:386:4:386:Infinity":233,"f:390:9:390:25":33,"b:391:2:393:Infinity:undefined:undefined:undefined:undefined":85,"s:391:2:393:Infinity":234,"b:391:6:391:32:391:32:391:61":86,"s:392:4:392:Infinity":235,"s:394:2:394:Infinity":236,"f:397:16:397:26":34,"s:406:69:406:Infinity":237,"s:407:17:407:Infinity":238,"s:408:14:408:Infinity":239,"s:410:19:410:Infinity":240,"s:411:21:414:Infinity":241,"f:411:33:411:38":35,"s:411:45:414:4":242,"b:413:42:413:53:413:53:413:Infinity":87,"b:413:14:413:26:413:26:413:42":88,"s:416:24:416:Infinity":243,"s:417:19:417:Infinity":244,"s:418:17:424:Infinity":245,"s:425:16:428:Infinity":246,"f:425:29:425:34":36,"s:425:42:428:4":247,"b:427:15:427:31:427:31:427:Infinity":89,"s:429:19:429:Infinity":248,"s:430:17:430:Infinity":249,"s:432:18:432:Infinity":250,"s:433:15:433:Infinity":251,"s:434:25:434:Infinity":252,"f:434:33:434:41":37,"s:434:50:434:72":253,"s:435:25:435:Infinity":254,"f:435:33:435:41":38,"s:435:50:435:72":255,"s:436:19:436:Infinity":256,"s:437:20:437:Infinity":257,"f:437:26:437:34":39,"s:437:43:437:64":258,"s:438:19:438:Infinity":259,"f:438:25:438:33":40,"s:438:42:438:65":260,"b:438:47:438:61:438:61:438:65":90,"s:439:20:439:Infinity":261,"f:439:26:439:34":41,"s:439:43:439:71":262,"b:439:48:439:67:439:67:439:71":91,"s:440:21:440:Infinity":263,"s:441:17:441:Infinity":264,"f:441:25:441:33":42,"s:441:42:441:62":265,"s:442:23:442:Infinity":266,"s:443:33:443:Infinity":267,"b:443:33:443:55:443:55:443:Infinity":92,"s:445:37:454:Infinity":268,"s:456:17:456:Infinity":269,"s:457:15:457:Infinity":270,"s:458:2:471:Infinity":271,"s:459:16:459:Infinity":272,"s:460:4:460:Infinity":273,"s:461:4:468:Infinity":274,"s:469:4:469:Infinity":275,"s:470:4:470:Infinity":276,"s:472:2:479:Infinity":277,"s:481:2:508:Infinity":278,"b:493:42:493:87:493:87:493:Infinity":93,"f:511:16:511:26":43,"s:512:15:512:Infinity":279,"s:513:2:527:Infinity":280,"f:513:7:513:13":44,"b:514:4:514:Infinity:undefined:undefined:undefined:undefined":94,"s:514:4:514:Infinity":281,"s:514:35:514:Infinity":282,"b:514:55:514:60:514:60:514:Infinity":95,"b:516:6:517:Infinity:518:6:519:Infinity:520:6:521:Infinity:522:6:522:Infinity:523:6:523:Infinity:524:6:525:Infinity":96,"s:515:4:526:Infinity":283,"s:517:8:517:Infinity":284,"s:519:8:519:Infinity":285,"b:519:15:519:50:519:50:519:Infinity":97,"s:521:8:521:Infinity":286,"b:521:15:521:38:521:38:521:Infinity":98,"s:525:8:525:Infinity":287,"s:528:2:528:Infinity":288,"f:531:16:531:31":45,"s:532:13:532:Infinity":289,"s:533:2:533:Infinity":290},"fnNames":{}}}
,"/sessions/rcw-01rethk5rniqrzyjjggtovhk/mnt/voltia-local/src/domain/types.ts": {"path":"/sessions/rcw-01rethk5rniqrzyjjggtovhk/mnt/voltia-local/src/domain/types.ts","statementMap":{"0":{"start":{"line":182,"column":62},"end":{"line":189,"column":null}},"1":{"start":{"line":191,"column":67},"end":{"line":196,"column":null}},"2":{"start":{"line":198,"column":67},"end":{"line":202,"column":null}},"3":{"start":{"line":204,"column":72},"end":{"line":209,"column":null}},"4":{"start":{"line":211,"column":50},"end":{"line":225,"column":null}},"5":{"start":{"line":227,"column":25},"end":{"line":227,"column":null}},"6":{"start":{"line":228,"column":25},"end":{"line":228,"column":null}},"7":{"start":{"line":232,"column":2},"end":{"line":232,"column":null}},"8":{"start":{"line":235,"column":2},"end":{"line":240,"column":null}},"9":{"start":{"line":249,"column":2},"end":{"line":249,"column":null}},"10":{"start":{"line":249,"column":26},"end":{"line":249,"column":null}},"11":{"start":{"line":250,"column":2},"end":{"line":250,"column":null}},"12":{"start":{"line":250,"column":23},"end":{"line":250,"column":null}},"13":{"start":{"line":251,"column":2},"end":{"line":251,"column":null}},"14":{"start":{"line":251,"column":30},"end":{"line":251,"column":null}},"15":{"start":{"line":252,"column":2},"end":{"line":252,"column":null}},"16":{"start":{"line":252,"column":57},"end":{"line":252,"column":null}},"17":{"start":{"line":253,"column":2},"end":{"line":253,"column":null}},"18":{"start":{"line":253,"column":32},"end":{"line":253,"column":null}},"19":{"start":{"line":254,"column":2},"end":{"line":254,"column":null}},"20":{"start":{"line":254,"column":54},"end":{"line":254,"column":null}},"21":{"start":{"line":255,"column":2},"end":{"line":255,"column":null}},"22":{"start":{"line":255,"column":30},"end":{"line":255,"column":null}},"23":{"start":{"line":256,"column":2},"end":{"line":256,"column":null}},"24":{"start":{"line":261,"column":2},"end":{"line":261,"column":null}},"25":{"start":{"line":265,"column":2},"end":{"line":265,"column":null}},"26":{"start":{"line":269,"column":2},"end":{"line":269,"column":null}},"27":{"start":{"line":269,"column":39},"end":{"line":269,"column":null}},"28":{"start":{"line":270,"column":2},"end":{"line":270,"column":null}},"29":{"start":{"line":270,"column":30},"end":{"line":270,"column":null}},"30":{"start":{"line":271,"column":2},"end":{"line":271,"column":null}},"31":{"start":{"line":271,"column":33},"end":{"line":271,"column":null}},"32":{"start":{"line":272,"column":2},"end":{"line":272,"column":null}}},"fnMap":{"0":{"name":"hasValidCoords","decl":{"start":{"line":234,"column":16},"end":{"line":234,"column":31}},"loc":{"start":{"line":234,"column":73},"end":{"line":242,"column":null}},"line":234},"1":{"name":"isVerifiedForPlanning","decl":{"start":{"line":248,"column":16},"end":{"line":248,"column":38}},"loc":{"start":{"line":248,"column":59},"end":{"line":257,"column":null}},"line":248},"2":{"name":"extraWeightKg","decl":{"start":{"line":260,"column":16},"end":{"line":260,"column":30}},"loc":{"start":{"line":260,"column":57},"end":{"line":262,"column":null}},"line":260},"3":{"name":"tripMassKg","decl":{"start":{"line":264,"column":16},"end":{"line":264,"column":27}},"loc":{"start":{"line":264,"column":72},"end":{"line":266,"column":null}},"line":264},"4":{"name":"safetyPct","decl":{"start":{"line":268,"column":16},"end":{"line":268,"column":26}},"loc":{"start":{"line":268,"column":53},"end":{"line":273,"column":null}},"line":268}},"branchMap":{"0":{"loc":{"start":{"line":236,"column":4},"end":{"line":240,"column":null}},"type":"binary-expr","locations":[{"start":{"line":236,"column":4},"end":{"line":236,"column":null}},{"start":{"line":237,"column":4},"end":{"line":237,"column":null}},{"start":{"line":238,"column":4},"end":{"line":238,"column":null}},{"start":{"line":239,"column":4},"end":{"line":239,"column":null}},{"start":{"line":240,"column":4},"end":{"line":240,"column":null}}],"line":236},"1":{"loc":{"start":{"line":240,"column":6},"end":{"line":240,"column":null}},"type":"binary-expr","locations":[{"start":{"line":240,"column":6},"end":{"line":240,"column":21}},{"start":{"line":240,"column":21},"end":{"line":240,"column":null}}],"line":240},"2":{"loc":{"start":{"line":249,"column":2},"end":{"line":249,"column":null}},"type":"if","locations":[{"start":{"line":249,"column":2},"end":{"line":249,"column":null}},{"start":{},"end":{}}],"line":249},"3":{"loc":{"start":{"line":250,"column":2},"end":{"line":250,"column":null}},"type":"if","locations":[{"start":{"line":250,"column":2},"end":{"line":250,"column":null}},{"start":{},"end":{}}],"line":250},"4":{"loc":{"start":{"line":251,"column":2},"end":{"line":251,"column":null}},"type":"if","locations":[{"start":{"line":251,"column":2},"end":{"line":251,"column":null}},{"start":{},"end":{}}],"line":251},"5":{"loc":{"start":{"line":252,"column":2},"end":{"line":252,"column":null}},"type":"if","locations":[{"start":{"line":252,"column":2},"end":{"line":252,"column":null}},{"start":{},"end":{}}],"line":252},"6":{"loc":{"start":{"line":252,"column":6},"end":{"line":252,"column":57}},"type":"binary-expr","locations":[{"start":{"line":252,"column":6},"end":{"line":252,"column":33}},{"start":{"line":252,"column":33},"end":{"line":252,"column":57}}],"line":252},"7":{"loc":{"start":{"line":253,"column":2},"end":{"line":253,"column":null}},"type":"if","locations":[{"start":{"line":253,"column":2},"end":{"line":253,"column":null}},{"start":{},"end":{}}],"line":253},"8":{"loc":{"start":{"line":254,"column":2},"end":{"line":254,"column":null}},"type":"if","locations":[{"start":{"line":254,"column":2},"end":{"line":254,"column":null}},{"start":{},"end":{}}],"line":254},"9":{"loc":{"start":{"line":254,"column":6},"end":{"line":254,"column":54}},"type":"binary-expr","locations":[{"start":{"line":254,"column":6},"end":{"line":254,"column":28}},{"start":{"line":254,"column":28},"end":{"line":254,"column":54}}],"line":254},"10":{"loc":{"start":{"line":255,"column":2},"end":{"line":255,"column":null}},"type":"if","locations":[{"start":{"line":255,"column":2},"end":{"line":255,"column":null}},{"start":{},"end":{}}],"line":255},"11":{"loc":{"start":{"line":269,"column":2},"end":{"line":269,"column":null}},"type":"if","locations":[{"start":{"line":269,"column":2},"end":{"line":269,"column":null}},{"start":{},"end":{}}],"line":269},"12":{"loc":{"start":{"line":270,"column":2},"end":{"line":270,"column":null}},"type":"if","locations":[{"start":{"line":270,"column":2},"end":{"line":270,"column":null}},{"start":{},"end":{}}],"line":270},"13":{"loc":{"start":{"line":271,"column":2},"end":{"line":271,"column":null}},"type":"if","locations":[{"start":{"line":271,"column":2},"end":{"line":271,"column":null}},{"start":{},"end":{}}],"line":271}},"s":{"0":3,"1":3,"2":3,"3":3,"4":3,"5":3,"6":3,"7":3,"8":153,"9":149,"10":1,"11":148,"12":1,"13":147,"14":1,"15":146,"16":8,"17":138,"18":1,"19":137,"20":134,"21":3,"22":3,"23":0,"24":938,"25":935,"26":34,"27":2,"28":32,"29":1,"30":31,"31":1,"32":30},"f":{"0":153,"1":149,"2":938,"3":935,"4":34},"b":{"0":[153,152,152,151,151],"1":[151,2],"2":[1,148],"3":[1,147],"4":[1,146],"5":[8,138],"6":[146,145],"7":[1,137],"8":[134,3],"9":[137,4],"10":[3,0],"11":[2,32],"12":[1,31],"13":[1,30]},"meta":{"lastBranch":14,"lastFunction":5,"lastStatement":33,"seen":{"s:182:62:189:Infinity":0,"s:191:67:196:Infinity":1,"s:198:67:202:Infinity":2,"s:204:72:209:Infinity":3,"s:211:50:225:Infinity":4,"s:227:25:227:Infinity":5,"s:228:25:228:Infinity":6,"s:232:2:232:Infinity":7,"f:234:16:234:31":0,"s:235:2:240:Infinity":8,"b:236:4:236:Infinity:237:4:237:Infinity:238:4:238:Infinity:239:4:239:Infinity:240:4:240:Infinity":0,"b:240:6:240:21:240:21:240:Infinity":1,"f:248:16:248:38":1,"b:249:2:249:Infinity:undefined:undefined:undefined:undefined":2,"s:249:2:249:Infinity":9,"s:249:26:249:Infinity":10,"b:250:2:250:Infinity:undefined:undefined:undefined:undefined":3,"s:250:2:250:Infinity":11,"s:250:23:250:Infinity":12,"b:251:2:251:Infinity:undefined:undefined:undefined:undefined":4,"s:251:2:251:Infinity":13,"s:251:30:251:Infinity":14,"b:252:2:252:Infinity:undefined:undefined:undefined:undefined":5,"s:252:2:252:Infinity":15,"b:252:6:252:33:252:33:252:57":6,"s:252:57:252:Infinity":16,"b:253:2:253:Infinity:undefined:undefined:undefined:undefined":7,"s:253:2:253:Infinity":17,"s:253:32:253:Infinity":18,"b:254:2:254:Infinity:undefined:undefined:undefined:undefined":8,"s:254:2:254:Infinity":19,"b:254:6:254:28:254:28:254:54":9,"s:254:54:254:Infinity":20,"b:255:2:255:Infinity:undefined:undefined:undefined:undefined":10,"s:255:2:255:Infinity":21,"s:255:30:255:Infinity":22,"s:256:2:256:Infinity":23,"f:260:16:260:30":2,"s:261:2:261:Infinity":24,"f:264:16:264:27":3,"s:265:2:265:Infinity":25,"f:268:16:268:26":4,"b:269:2:269:Infinity:undefined:undefined:undefined:undefined":11,"s:269:2:269:Infinity":26,"s:269:39:269:Infinity":27,"b:270:2:270:Infinity:undefined:undefined:undefined:undefined":12,"s:270:2:270:Infinity":28,"s:270:30:270:Infinity":29,"b:271:2:271:Infinity:undefined:undefined:undefined:undefined":13,"s:271:2:271:Infinity":30,"s:271:33:271:Infinity":31,"s:272:2:272:Infinity":32},"fnNames":{}}}
}
